#
# There is insufficient memory for the Java Runtime Environment to continue.
# Native memory allocation (malloc) failed to allocate 262160 bytes for Chunk::new
# Possible reasons:
#   The system is out of physical RAM or swap space
#   The process is running with CompressedOops enabled, and the Java Heap may be blocking the growth of the native heap
# Possible solutions:
#   Reduce memory load on the system
#   Increase physical memory or swap space
#   Check if swap backing store is full
#   Decrease Java heap size (-Xmx/-Xms)
#   Decrease number of Java threads
#   Decrease Java thread stack sizes (-Xss)
#   Set larger code cache with -XX:ReservedCodeCacheSize=
#   JVM is running with Zero Based Compressed Oops mode in which the Java heap is
#     placed in the first 32GB address space. The Java Heap base address is the
#     maximum limit for the native heap growth. Please use -XX:HeapBaseMinAddress
#     to set the Java Heap base and to place the Java Heap above 32GB virtual address.
# This output file may be truncated or incomplete.
#
#  Out of Memory Error (allocation.cpp:389), pid=24056, tid=0x0000000000001004
#
# JRE version: Java(TM) SE Runtime Environment (8.0_281-b09) (build 1.8.0_281-b09)
# Java VM: Java HotSpot(TM) 64-Bit Server VM (25.281-b09 mixed mode windows-amd64 compressed oops)
# Failed to write core dump. Minidumps are not enabled by default on client versions of Windows
#

---------------  T H R E A D  ---------------

Current thread (0x00000209cf6ab800):  JavaThread "C2 CompilerThread0" daemon [_thread_in_native, id=4100, stack(0x000000ac95300000,0x000000ac95400000)]

Stack: [0x000000ac95300000,0x000000ac95400000]
Native frames: (J=compiled Java code, j=interpreted, Vv=VM code, C=native code)
V  [jvm.dll+0x32e5b9]
V  [jvm.dll+0x275012]
V  [jvm.dll+0x275cbd]
V  [jvm.dll+0x26c6f5]
V  [jvm.dll+0xd51fc]
V  [jvm.dll+0xd59fc]
V  [jvm.dll+0xd554d]
V  [jvm.dll+0x4c5d1f]
V  [jvm.dll+0x461817]
V  [jvm.dll+0x45fe8e]
V  [jvm.dll+0x4d312f]
V  [jvm.dll+0x4d6be5]
V  [jvm.dll+0x4cf1bc]
V  [jvm.dll+0x4ce85b]
V  [jvm.dll+0x4ccb3f]
V  [jvm.dll+0x42c6c0]
V  [jvm.dll+0x45150e]
V  [jvm.dll+0x4d6c0c]
V  [jvm.dll+0x4cf1bc]
V  [jvm.dll+0x4ce85b]
V  [jvm.dll+0x4ccb3f]
V  [jvm.dll+0x42c6c0]
V  [jvm.dll+0x45150e]
V  [jvm.dll+0x4d6c0c]
V  [jvm.dll+0x4cf1bc]
V  [jvm.dll+0x4ce85b]
V  [jvm.dll+0x4ccb3f]
V  [jvm.dll+0x42c6c0]
V  [jvm.dll+0x43f3e5]
V  [jvm.dll+0x42a5e7]
V  [jvm.dll+0xabe9b]
V  [jvm.dll+0xaa4fb]
V  [jvm.dll+0x23d6b2]
V  [jvm.dll+0x291cbc]
C  [ucrtbase.dll+0x29363]
C  [KERNEL32.DLL+0x126bd]
C  [ntdll.dll+0x5dfb8]


Current CompileTask:
C2:   4169 1751       4       java.lang.Class::privateGetPublicMethods (267 bytes)


---------------  P R O C E S S  ---------------

Java Threads: ( => current thread )
  0x00000209d3be1800 JavaThread "Thread-187" [_thread_in_native, id=4576, stack(0x000000ac95a00000,0x000000ac95b00000)]
  0x00000209d2949000 JavaThread "AWT-Windows" daemon [_thread_in_native, id=13300, stack(0x000000ac95b00000,0x000000ac95c00000)]
  0x00000209d2945000 JavaThread "Java2D Disposer" daemon [_thread_blocked, id=34696, stack(0x000000ac95900000,0x000000ac95a00000)]
  0x00000209d1322000 JavaThread "Service Thread" daemon [_thread_blocked, id=14364, stack(0x000000ac95700000,0x000000ac95800000)]
  0x00000209d128d800 JavaThread "C1 CompilerThread3" daemon [_thread_blocked, id=4664, stack(0x000000ac95600000,0x000000ac95700000)]
  0x00000209d128c800 JavaThread "C2 CompilerThread2" daemon [_thread_blocked, id=5064, stack(0x000000ac95500000,0x000000ac95600000)]
  0x00000209d1280800 JavaThread "C2 CompilerThread1" daemon [_thread_blocked, id=15388, stack(0x000000ac95400000,0x000000ac95500000)]
=>0x00000209cf6ab800 JavaThread "C2 CompilerThread0" daemon [_thread_in_native, id=4100, stack(0x000000ac95300000,0x000000ac95400000)]
  0x00000209cf6a0000 JavaThread "Attach Listener" daemon [_thread_blocked, id=14456, stack(0x000000ac95200000,0x000000ac95300000)]
  0x00000209cf69f800 JavaThread "Signal Dispatcher" daemon [_thread_blocked, id=22556, stack(0x000000ac95100000,0x000000ac95200000)]
  0x00000209cf627000 JavaThread "Finalizer" daemon [_thread_blocked, id=30308, stack(0x000000ac95000000,0x000000ac95100000)]
  0x00000209cf605800 JavaThread "Reference Handler" daemon [_thread_blocked, id=33348, stack(0x000000ac94f00000,0x000000ac95000000)]
  0x00000209a6718800 JavaThread "main" [_thread_blocked, id=1312, stack(0x000000ac94500000,0x000000ac94600000)]

Other Threads:
  0x00000209cf602800 VMThread [stack: 0x000000ac94e00000,0x000000ac94f00000] [id=31984]
  0x00000209d1389000 WatcherThread [stack: 0x000000ac95800000,0x000000ac95900000] [id=22136]

VM state:not at safepoint (normal execution)

VM Mutex/Monitor currently owned by a thread: None

heap address: 0x0000000540000000, size: 10240 MB, Compressed Oops mode: Zero based, Oop shift amount: 3
Narrow klass base: 0x0000000000000000, Narrow klass shift: 3
Compressed class space size: 1073741824 Address: 0x00000007c0000000

Heap:
 PSYoungGen      total 140800K, used 78866K [0x00000006eab00000, 0x00000006fc100000, 0x00000007c0000000)
  eden space 130048K, 56% used [0x00000006eab00000,0x00000006ef22e558,0x00000006f2a00000)
  from space 10752K, 55% used [0x00000006f2a00000,0x00000006f2fd64d0,0x00000006f3480000)
  to   space 12288K, 0% used [0x00000006fb500000,0x00000006fb500000,0x00000006fc100000)
 ParOldGen       total 173568K, used 5296K [0x0000000540000000, 0x000000054a980000, 0x00000006eab00000)
  object space 173568K, 3% used [0x0000000540000000,0x000000054052c230,0x000000054a980000)
 Metaspace       used 20509K, capacity 20742K, committed 20992K, reserved 1067008K
  class space    used 3171K, capacity 3273K, committed 3328K, reserved 1048576K

Card table byte_map: [0x00000209b7450000,0x00000209b8860000] byte_map_base: 0x00000209b4a50000

Marking Bits: (ParMarkBitMap*) 0x0000000077f86ff0
 Begin Bits: [0x00000209b95c0000, 0x00000209c35c0000)
 End Bits:   [0x00000209c35c0000, 0x00000209cd5c0000)

Polling page: 0x00000209a67e0000

CodeCache: size=245760Kb used=6896Kb max_used=6896Kb free=238863Kb
 bounds [0x00000209a8090000, 0x00000209a8760000, 0x00000209b7090000]
 total_blobs=2188 nmethods=1748 adapters=352
 compilation: enabled

Compilation events (10 events):
Event: 3.984 Thread 0x00000209d128d800 nmethod 1746 0x00000209a8735e90 code [0x00000209a8736000, 0x00000209a8736300]
Event: 3.984 Thread 0x00000209d128d800 1747       3       java.lang.Class::getGenericInfo (52 bytes)
Event: 3.985 Thread 0x00000209d128d800 nmethod 1747 0x00000209a8750890 code [0x00000209a8750ae0, 0x00000209a87517d0]
Event: 3.985 Thread 0x00000209d128d800 1748       3       java.lang.reflect.Method::isVarArgs (5 bytes)
Event: 3.985 Thread 0x00000209d128d800 nmethod 1748 0x00000209a874ead0 code [0x00000209a874ec40, 0x00000209a874ee98]
Event: 4.060 Thread 0x00000209d128d800 1749   !   3       com.sun.proxy.$Proxy6::annotationType (29 bytes)
Event: 4.060 Thread 0x00000209d128d800 nmethod 1749 0x00000209a874e310 code [0x00000209a874e4a0, 0x00000209a874e8a0]
Event: 4.069 Thread 0x00000209d128d800 1750       3       java.util.jar.Manifest$FastInputStream::fill (38 bytes)
Event: 4.069 Thread 0x00000209d128d800 nmethod 1750 0x00000209a873ced0 code [0x00000209a873d040, 0x00000209a873d2d0]
Event: 4.129 Thread 0x00000209cf6ab800 1751       4       java.lang.Class::privateGetPublicMethods (267 bytes)

GC Heap History (10 events):
Event: 2.445 GC heap before
{Heap before GC invocations=3 (full 0):
 PSYoungGen      total 75776K, used 71756K [0x00000006eab00000, 0x00000006eff80000, 0x00000007c0000000)
  eden space 65024K, 100% used [0x00000006eab00000,0x00000006eea80000,0x00000006eea80000)
  from space 10752K, 62% used [0x00000006ef500000,0x00000006efb932e0,0x00000006eff80000)
  to   space 10752K, 0% used [0x00000006eea80000,0x00000006eea80000,0x00000006ef500000)
 ParOldGen       total 173568K, used 88K [0x0000000540000000, 0x000000054a980000, 0x00000006eab00000)
  object space 173568K, 0% used [0x0000000540000000,0x0000000540016010,0x000000054a980000)
 Metaspace       used 13913K, capacity 14132K, committed 14464K, reserved 1060864K
  class space    used 1987K, capacity 2053K, committed 2176K, reserved 1048576K
Event: 2.451 GC heap after
Heap after GC invocations=3 (full 0):
 PSYoungGen      total 75776K, used 8066K [0x00000006eab00000, 0x00000006f3f00000, 0x00000007c0000000)
  eden space 65024K, 0% used [0x00000006eab00000,0x00000006eab00000,0x00000006eea80000)
  from space 10752K, 75% used [0x00000006eea80000,0x00000006ef260890,0x00000006ef500000)
  to   space 10752K, 0% used [0x00000006f3480000,0x00000006f3480000,0x00000006f3f00000)
 ParOldGen       total 173568K, used 96K [0x0000000540000000, 0x000000054a980000, 0x00000006eab00000)
  object space 173568K, 0% used [0x0000000540000000,0x0000000540018010,0x000000054a980000)
 Metaspace       used 13913K, capacity 14132K, committed 14464K, reserved 1060864K
  class space    used 1987K, capacity 2053K, committed 2176K, reserved 1048576K
}
Event: 2.721 GC heap before
{Heap before GC invocations=4 (full 0):
 PSYoungGen      total 75776K, used 73090K [0x00000006eab00000, 0x00000006f3f00000, 0x00000007c0000000)
  eden space 65024K, 100% used [0x00000006eab00000,0x00000006eea80000,0x00000006eea80000)
  from space 10752K, 75% used [0x00000006eea80000,0x00000006ef260890,0x00000006ef500000)
  to   space 10752K, 0% used [0x00000006f3480000,0x00000006f3480000,0x00000006f3f00000)
 ParOldGen       total 173568K, used 96K [0x0000000540000000, 0x000000054a980000, 0x00000006eab00000)
  object space 173568K, 0% used [0x0000000540000000,0x0000000540018010,0x000000054a980000)
 Metaspace       used 15191K, capacity 15450K, committed 15744K, reserved 1062912K
  class space    used 2242K, capacity 2343K, committed 2432K, reserved 1048576K
Event: 2.726 GC heap after
Heap after GC invocations=4 (full 0):
 PSYoungGen      total 140800K, used 8023K [0x00000006eab00000, 0x00000006f3f00000, 0x00000007c0000000)
  eden space 130048K, 0% used [0x00000006eab00000,0x00000006eab00000,0x00000006f2a00000)
  from space 10752K, 74% used [0x00000006f3480000,0x00000006f3c55fa8,0x00000006f3f00000)
  to   space 10752K, 0% used [0x00000006f2a00000,0x00000006f2a00000,0x00000006f3480000)
 ParOldGen       total 173568K, used 104K [0x0000000540000000, 0x000000054a980000, 0x00000006eab00000)
  object space 173568K, 0% used [0x0000000540000000,0x000000054001a010,0x000000054a980000)
 Metaspace       used 15191K, capacity 15450K, committed 15744K, reserved 1062912K
  class space    used 2242K, capacity 2343K, committed 2432K, reserved 1048576K
}
Event: 3.080 GC heap before
{Heap before GC invocations=5 (full 0):
 PSYoungGen      total 140800K, used 138071K [0x00000006eab00000, 0x00000006f3f00000, 0x00000007c0000000)
  eden space 130048K, 100% used [0x00000006eab00000,0x00000006f2a00000,0x00000006f2a00000)
  from space 10752K, 74% used [0x00000006f3480000,0x00000006f3c55fa8,0x00000006f3f00000)
  to   space 10752K, 0% used [0x00000006f2a00000,0x00000006f2a00000,0x00000006f3480000)
 ParOldGen       total 173568K, used 104K [0x0000000540000000, 0x000000054a980000, 0x00000006eab00000)
  object space 173568K, 0% used [0x0000000540000000,0x000000054001a010,0x000000054a980000)
 Metaspace       used 17707K, capacity 17984K, committed 18176K, reserved 1064960K
  class space    used 2670K, capacity 2760K, committed 2816K, reserved 1048576K
Event: 3.091 GC heap after
Heap after GC invocations=5 (full 0):
 PSYoungGen      total 140800K, used 10735K [0x00000006eab00000, 0x00000006fc100000, 0x00000007c0000000)
  eden space 130048K, 0% used [0x00000006eab00000,0x00000006eab00000,0x00000006f2a00000)
  from space 10752K, 99% used [0x00000006f2a00000,0x00000006f347bd58,0x00000006f3480000)
  to   space 12288K, 0% used [0x00000006fb500000,0x00000006fb500000,0x00000006fc100000)
 ParOldGen       total 173568K, used 498K [0x0000000540000000, 0x000000054a980000, 0x00000006eab00000)
  object space 173568K, 0% used [0x0000000540000000,0x000000054007cb68,0x000000054a980000)
 Metaspace       used 17707K, capacity 17984K, committed 18176K, reserved 1064960K
  class space    used 2670K, capacity 2760K, committed 2816K, reserved 1048576K
}
Event: 3.501 GC heap before
{Heap before GC invocations=6 (full 0):
 PSYoungGen      total 140800K, used 140783K [0x00000006eab00000, 0x00000006fc100000, 0x00000007c0000000)
  eden space 130048K, 100% used [0x00000006eab00000,0x00000006f2a00000,0x00000006f2a00000)
  from space 10752K, 99% used [0x00000006f2a00000,0x00000006f347bd58,0x00000006f3480000)
  to   space 12288K, 0% used [0x00000006fb500000,0x00000006fb500000,0x00000006fc100000)
 ParOldGen       total 173568K, used 498K [0x0000000540000000, 0x000000054a980000, 0x00000006eab00000)
  object space 173568K, 0% used [0x0000000540000000,0x000000054007cb68,0x000000054a980000)
 Metaspace       used 18974K, capacity 19238K, committed 19712K, reserved 1067008K
  class space    used 2894K, capacity 2985K, committed 3072K, reserved 1048576K
Event: 3.512 GC heap after
Heap after GC invocations=6 (full 0):
 PSYoungGen      total 142336K, used 10286K [0x00000006eab00000, 0x00000006fc100000, 0x00000007c0000000)
  eden space 130048K, 0% used [0x00000006eab00000,0x00000006eab00000,0x00000006f2a00000)
  from space 12288K, 83% used [0x00000006fb500000,0x00000006fbf0b960,0x00000006fc100000)
  to   space 10752K, 0% used [0x00000006f2a00000,0x00000006f2a00000,0x00000006f3480000)
 ParOldGen       total 173568K, used 506K [0x0000000540000000, 0x000000054a980000, 0x00000006eab00000)
  object space 173568K, 0% used [0x0000000540000000,0x000000054007eb68,0x000000054a980000)
 Metaspace       used 18974K, capacity 19238K, committed 19712K, reserved 1067008K
  class space    used 2894K, capacity 2985K, committed 3072K, reserved 1048576K
}
Event: 3.825 GC heap before
{Heap before GC invocations=7 (full 0):
 PSYoungGen      total 142336K, used 140334K [0x00000006eab00000, 0x00000006fc100000, 0x00000007c0000000)
  eden space 130048K, 100% used [0x00000006eab00000,0x00000006f2a00000,0x00000006f2a00000)
  from space 12288K, 83% used [0x00000006fb500000,0x00000006fbf0b960,0x00000006fc100000)
  to   space 10752K, 0% used [0x00000006f2a00000,0x00000006f2a00000,0x00000006f3480000)
 ParOldGen       total 173568K, used 506K [0x0000000540000000, 0x000000054a980000, 0x00000006eab00000)
  object space 173568K, 0% used [0x0000000540000000,0x000000054007eb68,0x000000054a980000)
 Metaspace       used 19967K, capacity 20198K, committed 20608K, reserved 1067008K
  class space    used 3085K, capacity 3177K, committed 3200K, reserved 1048576K
Event: 3.832 GC heap after
Heap after GC invocations=7 (full 0):
 PSYoungGen      total 140800K, used 5977K [0x00000006eab00000, 0x00000006fc100000, 0x00000007c0000000)
  eden space 130048K, 0% used [0x00000006eab00000,0x00000006eab00000,0x00000006f2a00000)
  from space 10752K, 55% used [0x00000006f2a00000,0x00000006f2fd64d0,0x00000006f3480000)
  to   space 12288K, 0% used [0x00000006fb500000,0x00000006fb500000,0x00000006fc100000)
 ParOldGen       total 173568K, used 5296K [0x0000000540000000, 0x000000054a980000, 0x00000006eab00000)
  object space 173568K, 3% used [0x0000000540000000,0x000000054052c230,0x000000054a980000)
 Metaspace       used 19967K, capacity 20198K, committed 20608K, reserved 1067008K
  class space    used 3085K, capacity 3177K, committed 3200K, reserved 1048576K
}

Deoptimization events (10 events):
Event: 1.250 Thread 0x00000209d2943800 Uncommon trap: reason=unstable_if action=reinterpret pc=0x00000209a827cc0c method=sun.misc.URLClassPath.getLoader(I)Lsun/misc/URLClassPath$Loader; @ 79
Event: 1.374 Thread 0x00000209d2943800 Uncommon trap: reason=unstable_if action=reinterpret pc=0x00000209a823c328 method=java.lang.String.indexOf([CII[CIII)I @ 3
Event: 1.889 Thread 0x00000209d2943800 Uncommon trap: reason=unstable_if action=reinterpret pc=0x00000209a828a0c0 method=java.io.WinNTFileSystem.normalize(Ljava/lang/String;)Ljava/lang/String; @ 128
Event: 1.889 Thread 0x00000209d2943800 Uncommon trap: reason=unstable_if action=reinterpret pc=0x00000209a8261e08 method=java.io.WinNTFileSystem.normalize(Ljava/lang/String;II)Ljava/lang/String; @ 8
Event: 2.061 Thread 0x00000209d2948000 Uncommon trap: reason=unstable_if action=reinterpret pc=0x00000209a83c473c method=java.net.URI.match(CJJ)Z @ 45
Event: 2.193 Thread 0x00000209d378d800 Uncommon trap: reason=bimorphic action=maybe_recompile pc=0x00000209a8503b70 method=java.util.HashMap.putVal(ILjava/lang/Object;Ljava/lang/Object;ZZ)Ljava/lang/Object; @ 203
Event: 2.193 Thread 0x00000209d378d800 Uncommon trap: reason=bimorphic action=maybe_recompile pc=0x00000209a8503b70 method=java.util.HashMap.putVal(ILjava/lang/Object;Ljava/lang/Object;ZZ)Ljava/lang/Object; @ 203
Event: 2.194 Thread 0x00000209d378d800 Uncommon trap: reason=bimorphic action=maybe_recompile pc=0x00000209a8503b70 method=java.util.HashMap.putVal(ILjava/lang/Object;Ljava/lang/Object;ZZ)Ljava/lang/Object; @ 203
Event: 2.196 Thread 0x00000209d378d800 Uncommon trap: reason=bimorphic action=maybe_recompile pc=0x00000209a8503b70 method=java.util.HashMap.putVal(ILjava/lang/Object;Ljava/lang/Object;ZZ)Ljava/lang/Object; @ 203
Event: 2.566 Thread 0x00000209d3789800 Uncommon trap: reason=unstable_if action=reinterpret pc=0x00000209a84ab988 method=sun.misc.MetaIndex.mayContain(Ljava/lang/String;)Z @ 38

Classes redefined (0 events):
No events

Internal exceptions (10 events):
Event: 1.294 Thread 0x00000209d2943800 Exception <a 'java/security/PrivilegedActionException'> (0x00000006ec9836d0) thrown at [C:\jenkins\workspace\8-2-build-windows-amd64-cygwin\jdk8u281\880\hotspot\src\share\vm\prims\jvm.cpp, line 1512]
Event: 1.294 Thread 0x00000209d2943800 Exception <a 'java/security/PrivilegedActionException'> (0x00000006ec984b68) thrown at [C:\jenkins\workspace\8-2-build-windows-amd64-cygwin\jdk8u281\880\hotspot\src\share\vm\prims\jvm.cpp, line 1512]
Event: 1.294 Thread 0x00000209d2943800 Exception <a 'java/security/PrivilegedActionException'> (0x00000006ec984f60) thrown at [C:\jenkins\workspace\8-2-build-windows-amd64-cygwin\jdk8u281\880\hotspot\src\share\vm\prims\jvm.cpp, line 1512]
Event: 1.307 Thread 0x00000209d2943800 Exception <a 'java/io/FileNotFoundException'> (0x00000006eca32e08) thrown at [C:\jenkins\workspace\8-2-build-windows-amd64-cygwin\jdk8u281\880\hotspot\src\share\vm\prims\jni.cpp, line 710]
Event: 1.332 Thread 0x00000209d2943800 Exception <a 'java/lang/NoSuchFieldError': method resolution failed> (0x00000006ecb02e80) thrown at [C:\jenkins\workspace\8-2-build-windows-amd64-cygwin\jdk8u281\880\hotspot\src\share\vm\prims\methodHandles.cpp, line 1169]
Event: 1.333 Thread 0x00000209d2943800 Exception <a 'java/lang/NoSuchFieldError': method resolution failed> (0x00000006ecb10570) thrown at [C:\jenkins\workspace\8-2-build-windows-amd64-cygwin\jdk8u281\880\hotspot\src\share\vm\prims\methodHandles.cpp, line 1169]
Event: 2.294 Thread 0x00000209d489f800 Exception <a 'java/security/PrivilegedActionException'> (0x00000006ec3b0a48) thrown at [C:\jenkins\workspace\8-2-build-windows-amd64-cygwin\jdk8u281\880\hotspot\src\share\vm\prims\jvm.cpp, line 1512]
Event: 2.294 Thread 0x00000209d489f800 Exception <a 'java/security/PrivilegedActionException'> (0x00000006ec3b0c58) thrown at [C:\jenkins\workspace\8-2-build-windows-amd64-cygwin\jdk8u281\880\hotspot\src\share\vm\prims\jvm.cpp, line 1512]
Event: 3.160 Thread 0x00000209d3be8000 Exception <a 'java/security/PrivilegedActionException'> (0x00000006ec7124e0) thrown at [C:\jenkins\workspace\8-2-build-windows-amd64-cygwin\jdk8u281\880\hotspot\src\share\vm\prims\jvm.cpp, line 1512]
Event: 3.160 Thread 0x00000209d3be8000 Exception <a 'java/security/PrivilegedActionException'> (0x00000006ec7126f0) thrown at [C:\jenkins\workspace\8-2-build-windows-amd64-cygwin\jdk8u281\880\hotspot\src\share\vm\prims\jvm.cpp, line 1512]

Events (10 events):
Event: 4.100 loading class org/processmining/plugins/balancedconformance/dataflow/DataAlignmentAdapter
Event: 4.100 loading class org/processmining/plugins/balancedconformance/dataflow/DataAlignmentAdapter done
Event: 4.110 loading class org/processmining/plugins/DataConformance/Alignment$AlignmentStep
Event: 4.110 loading class org/processmining/plugins/DataConformance/Alignment$AlignmentStep done
Event: 4.119 loading class org/processmining/plugins/balancedconformance/export/XAlignmentConverter
Event: 4.119 loading class org/processmining/plugins/balancedconformance/export/XAlignmentConverter done
Event: 4.129 loading class org/processmining/plugins/balancedconformance/LiveBalancedDataConformancePlugin
Event: 4.129 loading class org/processmining/plugins/balancedconformance/LiveBalancedDataConformancePlugin done
Event: 4.139 loading class org/processmining/plugins/balancedconformance/LiveBalancedDataConformancePanel
Event: 4.139 loading class org/processmining/plugins/balancedconformance/LiveBalancedDataConformancePanel done


Dynamic libraries:
0x00007ff66d6c0000 - 0x00007ff66d707000 	C:\Program Files\Java\jre1.8.0_281\bin\javaw.exe
0x00007ff91a630000 - 0x00007ff91a844000 	C:\WINDOWS\SYSTEM32\ntdll.dll
0x00007ff919d10000 - 0x00007ff919dd3000 	C:\WINDOWS\System32\KERNEL32.DLL
0x00007ff917f80000 - 0x00007ff91831c000 	C:\WINDOWS\System32\KERNELBASE.dll
0x00007ff9188e0000 - 0x00007ff91898e000 	C:\WINDOWS\System32\ADVAPI32.dll
0x00007ff918560000 - 0x00007ff918607000 	C:\WINDOWS\System32\msvcrt.dll
0x00007ff918e10000 - 0x00007ff918eb4000 	C:\WINDOWS\System32\sechost.dll
0x00007ff919e80000 - 0x00007ff919f95000 	C:\WINDOWS\System32\RPCRT4.dll
0x00007ff918710000 - 0x00007ff9188bd000 	C:\WINDOWS\System32\USER32.dll
0x00007ff917c60000 - 0x00007ff917c86000 	C:\WINDOWS\System32\win32u.dll
0x00007ff918990000 - 0x00007ff9189b9000 	C:\WINDOWS\System32\GDI32.dll
0x00007ff917e60000 - 0x00007ff917f72000 	C:\WINDOWS\System32\gdi32full.dll
0x00007ff917dc0000 - 0x00007ff917e5a000 	C:\WINDOWS\System32\msvcp_win.dll
0x00007ff918320000 - 0x00007ff918431000 	C:\WINDOWS\System32\ucrtbase.dll
0x00007ff8f8490000 - 0x00007ff8f871e000 	C:\WINDOWS\WinSxS\amd64_microsoft.windows.common-controls_6595b64144ccf1df_6.0.22621.608_none_a9444ca7c10bb01d\COMCTL32.dll
0x00007ff918670000 - 0x00007ff9186a2000 	C:\WINDOWS\System32\IMM32.DLL
0x00007ff8f99b0000 - 0x00007ff8f99c5000 	C:\Program Files\Java\jre1.8.0_281\bin\vcruntime140.dll
0x00007ff8b98d0000 - 0x00007ff8b996b000 	C:\Program Files\Java\jre1.8.0_281\bin\msvcp140.dll
0x00000000777a0000 - 0x0000000077fff000 	C:\Program Files\Java\jre1.8.0_281\bin\server\jvm.dll
0x00007ff919e70000 - 0x00007ff919e78000 	C:\WINDOWS\System32\PSAPI.DLL
0x00007ff914f00000 - 0x00007ff914f34000 	C:\WINDOWS\SYSTEM32\WINMM.dll
0x00007ff901120000 - 0x00007ff901129000 	C:\WINDOWS\SYSTEM32\WSOCK32.dll
0x00007ff90fa10000 - 0x00007ff90fa1a000 	C:\WINDOWS\SYSTEM32\VERSION.dll
0x00007ff9189f0000 - 0x00007ff918a61000 	C:\WINDOWS\System32\WS2_32.dll
0x00007ff916bb0000 - 0x00007ff916bc8000 	C:\WINDOWS\SYSTEM32\kernel.appcore.dll
0x00007ff8feed0000 - 0x00007ff8feee0000 	C:\Program Files\Java\jre1.8.0_281\bin\verify.dll
0x00007ff8f8260000 - 0x00007ff8f828b000 	C:\Program Files\Java\jre1.8.0_281\bin\java.dll
0x00007ff8f8240000 - 0x00007ff8f8258000 	C:\Program Files\Java\jre1.8.0_281\bin\zip.dll
0x00007ff919440000 - 0x00007ff919c2f000 	C:\WINDOWS\System32\SHELL32.dll
0x00007ff915aa0000 - 0x00007ff916368000 	C:\WINDOWS\SYSTEM32\windows.storage.dll
0x00007ff919fa0000 - 0x00007ff91a32a000 	C:\WINDOWS\System32\combase.dll
0x00007ff915960000 - 0x00007ff915a9e000 	C:\WINDOWS\SYSTEM32\wintypes.dll
0x00007ff918a70000 - 0x00007ff918b61000 	C:\WINDOWS\System32\SHCORE.dll
0x00007ff919360000 - 0x00007ff9193be000 	C:\WINDOWS\System32\shlwapi.dll
0x00007ff9179a0000 - 0x00007ff9179c1000 	C:\WINDOWS\SYSTEM32\profapi.dll
0x00007ff8f7780000 - 0x00007ff8f779c000 	C:\Program Files\Java\jre1.8.0_281\bin\net.dll
0x00007ff917020000 - 0x00007ff917089000 	C:\WINDOWS\system32\mswsock.dll
0x00007ff9166a0000 - 0x00007ff916793000 	C:\WINDOWS\SYSTEM32\DNSAPI.dll
0x00007ff916630000 - 0x00007ff91665d000 	C:\WINDOWS\SYSTEM32\IPHLPAPI.DLL
0x00007ff9189e0000 - 0x00007ff9189e9000 	C:\WINDOWS\System32\NSI.dll
0x00007ff90c380000 - 0x00007ff90c38a000 	C:\Windows\System32\rasadhlp.dll
0x00007ff90bcd0000 - 0x00007ff90bd53000 	C:\WINDOWS\System32\fwpuclnt.dll
0x00007ff8d6df0000 - 0x00007ff8d6f85000 	C:\Program Files\Java\jre1.8.0_281\bin\awt.dll
0x00007ff919c30000 - 0x00007ff919d07000 	C:\WINDOWS\System32\OLEAUT32.dll
0x00007ff9127d0000 - 0x00007ff912867000 	C:\WINDOWS\SYSTEM32\apphelp.dll
0x00007ff917270000 - 0x00007ff91728b000 	C:\WINDOWS\SYSTEM32\CRYPTSP.dll
0x00007ff916b20000 - 0x00007ff916b55000 	C:\WINDOWS\system32\rsaenh.dll
0x00007ff917110000 - 0x00007ff917138000 	C:\WINDOWS\SYSTEM32\USERENV.dll
0x00007ff917410000 - 0x00007ff917438000 	C:\WINDOWS\SYSTEM32\bcrypt.dll
0x00007ff917be0000 - 0x00007ff917c5b000 	C:\WINDOWS\System32\bcryptprimitives.dll
0x00007ff917290000 - 0x00007ff91729c000 	C:\WINDOWS\SYSTEM32\CRYPTBASE.dll
0x00007ff90d820000 - 0x00007ff90d839000 	C:\WINDOWS\SYSTEM32\dhcpcsvc6.DLL
0x00007ff90d5c0000 - 0x00007ff90d5df000 	C:\WINDOWS\SYSTEM32\dhcpcsvc.DLL
0x00007ff8f7760000 - 0x00007ff8f7773000 	C:\Program Files\Java\jre1.8.0_281\bin\nio.dll
0x00007ff9129d0000 - 0x00007ff912a7b000 	C:\WINDOWS\system32\uxtheme.dll
0x00007ff8b5f60000 - 0x00007ff8b6099000 	C:\ProgramData\A-Volute\A-Volute.Nahimic\Modules\Scheduled\x64\AudioDevProps2.dll
0x00007ff918b70000 - 0x00007ff918d0c000 	C:\WINDOWS\System32\ole32.dll
0x00007ff918440000 - 0x00007ff91855e000 	C:\WINDOWS\System32\MSCTF.dll
0x00007ff9037a0000 - 0x00007ff9037c6000 	E:\有道翻译\Dict\9.1.6.0\WordStrokeHelper64.dll
0x00007ff914960000 - 0x00007ff914b8e000 	C:\WINDOWS\SYSTEM32\dbghelp.dll

VM Arguments:
jvm_args: -ea -Xmx10G -XX:MaxPermSize=10G -Djava.library.path=.//lib -Djava.util.Arrays.useLegacyMergeSort=true -Dfile.encoding=GBK 
java_command: org.processmining.contexts.uitopia.UI
java_class_path (initial): E:\Users\cannyking\eclipse-workspace\DecomposedMiner\tests\bin-test;E:\Users\cannyking\eclipse-workspace\DecomposedMiner\bin;C:\Users\cannyking\.ivy2\cache\prom\ProM-Plugins\jars\ProM-Plugins-latest.jar;C:\Users\cannyking\.ivy2\cache\prom\ProM-Contexts\jars\ProM-Contexts-latest.jar;C:\Users\cannyking\.ivy2\cache\prom-libs\guava\jars\guava-16.0.1.jar;C:\Users\cannyking\.ivy2\cache\junit\junit\jars\junit-4.12.jar;C:\Users\cannyking\.ivy2\cache\prom-libs\bsh\jars\bsh-2.0b4.jar;C:\Users\cannyking\.ivy2\cache\prom-libs\Spex\jars\Spex-1.1.jar;C:\Users\cannyking\.ivy2\cache\prom-libs\Uitopia\jars\Uitopia-0.6-20190913.jar;C:\Users\cannyking\.ivy2\cache\prom-libs\UITopiaResources\jars\UITopiaResources-0.6-20190913.jar;C:\Users\cannyking\.ivy2\cache\prom\ProM-Framework\jars\ProM-Framework-latest.jar;C:\Users\cannyking\.ivy2\cache\org.apache.commons\commons-compress\jars\commons-compress-1.13.jar;C:\Users\cannyking\.ivy2\cache\prom-libs\jgraph\jars\jgraph-5.13.0.4.jar;C:\Users\cannyking\.ivy2\cache\com.brsanthu\google-analytics-java\jars\google-analytics-java-1.1.2.jar;C:\Users\cannyking\.ivy2\cache\org.apache.httpcomponents\httpclient\jars\httpclient-4.5.3.jar;C:\Users\cannyking\.ivy2\cache\org.apache.httpcomponents\httpcore\jars\httpcore-4.4.6.jar;C:\Users\cannyking\.ivy2\cache\org.apache.logging.log4j\log4j-api\jars\log4j-api-2.16.0.jar;C:\Users\cannyking\.ivy2\cache\org.apache.logging.log4j\log4j-core\jars\log4j-core-2.16.0.jar;C:\Users\cannyking\.ivy2\cache\org.apache.logging.log4j\log4j-slf4j-impl\jars\log4j-slf4j-impl-2.16.0.jar;C:\Users\cannyking\.ivy2\cache\prom-libs\jargs\jars\jargs-latest.jar;C:\Users\cannyking\.ivy2\cache\tablelayout\TableLayout\jars\TableLayout-20050920.jar;C:\Users\cannyking\.ivy2\cache\org.slf4j\slf4j-api\jars\slf4j-api-1.7.25.jar;C:\Users\cannyking\.ivy2\cache\prom-libs\slickerbox\jars\slickerbox-1.0rc1.jar;C:\Users\cannyking\.ivy2\cache\prom\ProM-Models\jars\ProM-Models-latest.jar;C:\Users\cannyking\.ivy2\cache\pro
Launcher Type: SUN_STANDARD

Environment Variables:
JAVA_HOME=E:\Program Files\Java\jdk1.7.0_80
CLASSPATH= .;E:\Program Files\Java\jdk1.7.0_80\lib;E:\Program Files\Java\jdk1.7.0_80\lib\tools.jar
PATH=C:\Program Files (x86)\Common Files\Oracle\Java\javapath;C:\WINDOWS\system32;C:\WINDOWS;C:\WINDOWS\System32\Wbem;C:\WINDOWS\System32\WindowsPowerShell\v1.0\;E:\Program Files\Java\jdk1.7.0_80\bin;"E:\Program Files\Java\jdk1.7.0_80\bin;E:\Program Files\Java\jdk1.7.0_80\jre\bin;";;C:\WINDOWS\System32\OpenSSH\;C:\Program Files\Graphviz\bin;C:\Users\cannyking\AppData\Local\Microsoft\WindowsApps;D:\压缩解压\;;E:\python\PyCharm 2021.3.3\bin;
USERNAME=cannyking
OS=Windows_NT
PROCESSOR_IDENTIFIER=Intel64 Family 6 Model 142 Stepping 12, GenuineIntel



---------------  S Y S T E M  ---------------

OS: Windows 10.0 , 64 bit Build 22621 (10.0.22621.1194)

CPU:total 8 (initial active 8) (4 cores per cpu, 2 threads per core) family 6 model 142 stepping 12, cmov, cx8, fxsr, mmx, sse, sse2, sse3, ssse3, sse4.1, sse4.2, popcnt, avx, avx2, aes, clmul, erms, 3dnowpref, lzcnt, ht, tsc, tscinvbit, bmi1, bmi2, adx

Memory: 4k page, physical 16601588k(3930396k free), swap 38699632k(7136k free)

vm_info: Java HotSpot(TM) 64-Bit Server VM (25.281-b09) for windows-amd64 JRE (1.8.0_281-b09), built on Dec  9 2020 13:54:07 by "" with MS VC++ 15.9 (VS2017)

time: Tue Feb 28 16:06:40 2023
timezone: 中国标准时间
elapsed time: 4.173545 seconds (0d 0h 0m 4s)

