#
# There is insufficient memory for the Java Runtime Environment to continue.
# Native memory allocation (malloc) failed to allocate 2003536 bytes for Chunk::new
# Possible reasons:
#   The system is out of physical RAM or swap space
#   The process is running with CompressedOops enabled, and the Java Heap may be blocking the growth of the native heap
# Possible solutions:
#   Reduce memory load on the system
#   Increase physical memory or swap space
#   Check if swap backing store is full
#   Decrease Java heap size (-Xmx/-Xms)
#   Decrease number of Java threads
#   Decrease Java thread stack sizes (-Xss)
#   Set larger code cache with -XX:ReservedCodeCacheSize=
#   JVM is running with Zero Based Compressed Oops mode in which the Java heap is
#     placed in the first 32GB address space. The Java Heap base address is the
#     maximum limit for the native heap growth. Please use -XX:HeapBaseMinAddress
#     to set the Java Heap base and to place the Java Heap above 32GB virtual address.
# This output file may be truncated or incomplete.
#
#  Out of Memory Error (allocation.cpp:389), pid=30620, tid=0x0000000000000aa8
#
# JRE version: Java(TM) SE Runtime Environment (8.0_281-b09) (build 1.8.0_281-b09)
# Java VM: Java HotSpot(TM) 64-Bit Server VM (25.281-b09 mixed mode windows-amd64 compressed oops)
# Failed to write core dump. Minidumps are not enabled by default on client versions of Windows
#

---------------  T H R E A D  ---------------

Current thread (0x000002a4836b8800):  JavaThread "C2 CompilerThread1" daemon [_thread_in_native, id=2728, stack(0x000000f6b2200000,0x000000f6b2300000)]

Stack: [0x000000f6b2200000,0x000000f6b2300000]
Native frames: (J=compiled Java code, j=interpreted, Vv=VM code, C=native code)
V  [jvm.dll+0x32e5b9]
V  [jvm.dll+0x275012]
V  [jvm.dll+0x275cbd]
V  [jvm.dll+0x26c6f5]
V  [jvm.dll+0xd51fc]
V  [jvm.dll+0xd59fc]
V  [jvm.dll+0x46f8c3]
V  [jvm.dll+0x4373e0]
V  [jvm.dll+0x4403d5]
V  [jvm.dll+0x43f795]
V  [jvm.dll+0x42a5e7]
V  [jvm.dll+0xabe9b]
V  [jvm.dll+0xaa4fb]
V  [jvm.dll+0x23d6b2]
V  [jvm.dll+0x291cbc]
C  [ucrtbase.dll+0x29363]
C  [KERNEL32.DLL+0x126bd]
C  [ntdll.dll+0x5dfb8]


Current CompileTask:
C2:  11879 1933   !   4       org.processmining.framework.plugin.impl.PluginManagerImpl::isGoodPlugin (631 bytes)


---------------  P R O C E S S  ---------------

Java Threads: ( => current thread )
  0x000002a485afa800 JavaThread "AWT-Windows" daemon [_thread_in_native, id=9860, stack(0x000000f6b2900000,0x000000f6b2a00000)]
  0x000002a4859ef800 JavaThread "Java2D Disposer" daemon [_thread_blocked, id=30432, stack(0x000000f6b2700000,0x000000f6b2800000)]
  0x000002a4ffe7e800 JavaThread "Service Thread" daemon [_thread_blocked, id=34208, stack(0x000000f6b2500000,0x000000f6b2600000)]
  0x000002a4836bc800 JavaThread "C1 CompilerThread3" daemon [_thread_blocked, id=5868, stack(0x000000f6b2400000,0x000000f6b2500000)]
  0x000002a4836bd800 JavaThread "C2 CompilerThread2" daemon [_thread_blocked, id=2780, stack(0x000000f6b2300000,0x000000f6b2400000)]
=>0x000002a4836b8800 JavaThread "C2 CompilerThread1" daemon [_thread_in_native, id=2728, stack(0x000000f6b2200000,0x000000f6b2300000)]
  0x000002a4ffe73000 JavaThread "C2 CompilerThread0" daemon [_thread_in_native, id=10172, stack(0x000000f6b2100000,0x000000f6b2200000)]
  0x000002a4ffe70000 JavaThread "Attach Listener" daemon [_thread_blocked, id=9984, stack(0x000000f6b2000000,0x000000f6b2100000)]
  0x000002a4ffe6f800 JavaThread "Signal Dispatcher" daemon [_thread_blocked, id=10040, stack(0x000000f6b1f00000,0x000000f6b2000000)]
  0x000002a4d8a5a800 JavaThread "Finalizer" daemon [_thread_blocked, id=27404, stack(0x000000f6b1e00000,0x000000f6b1f00000)]
  0x000002a4ffdd6800 JavaThread "Reference Handler" daemon [_thread_blocked, id=31344, stack(0x000000f6b1d00000,0x000000f6b1e00000)]
  0x000002a4d89ba000 JavaThread "main" [_thread_in_Java, id=22972, stack(0x000000f6b1300000,0x000000f6b1400000)]

Other Threads:
  0x000002a4ffdd3000 VMThread [stack: 0x000000f6b1c00000,0x000000f6b1d00000] [id=10952]
  0x000002a4837d3000 WatcherThread [stack: 0x000000f6b2600000,0x000000f6b2700000] [id=16028]

VM state:not at safepoint (normal execution)

VM Mutex/Monitor currently owned by a thread: None

OutOfMemory and StackOverflow Exception counts:
OutOfMemoryError java_heap_errors=4

heap address: 0x0000000540000000, size: 10240 MB, Compressed Oops mode: Zero based, Oop shift amount: 3
Narrow klass base: 0x0000000000000000, Narrow klass shift: 3
Compressed class space size: 1073741824 Address: 0x00000007c0000000

Heap:
 PSYoungGen      total 128000K, used 93877K [0x00000006eab00000, 0x00000006f3080000, 0x00000007c0000000)
  eden space 119296K, 74% used [0x00000006eab00000,0x00000006f01de598,0x00000006f1f80000)
  from space 8704K, 56% used [0x00000006f1f80000,0x00000006f244eff0,0x00000006f2800000)
  to   space 8192K, 0% used [0x00000006f2880000,0x00000006f2880000,0x00000006f3080000)
 ParOldGen       total 120320K, used 10138K [0x0000000540000000, 0x0000000547580000, 0x00000006eab00000)
  object space 120320K, 8% used [0x0000000540000000,0x00000005409e6b98,0x0000000547580000)
 Metaspace       used 28512K, capacity 28780K, committed 29104K, reserved 1073152K
  class space    used 4599K, capacity 4714K, committed 4784K, reserved 1048576K

Card table byte_map: [0x000002a4e9760000,0x000002a4eab70000] byte_map_base: 0x000002a4e6d60000

Marking Bits: (ParMarkBitMap*) 0x0000000077f86ff0
 Begin Bits: [0x000002a4eb8d0000, 0x000002a4f58d0000)
 End Bits:   [0x000002a4f58d0000, 0x000002a4ff8d0000)

Polling page: 0x000002a4d8b80000

CodeCache: size=245760Kb used=7345Kb max_used=7349Kb free=238414Kb
 bounds [0x000002a4da3a0000, 0x000002a4daaf0000, 0x000002a4e93a0000]
 total_blobs=2318 nmethods=1859 adapters=371
 compilation: enabled

Compilation events (10 events):
Event: 11.759 Thread 0x000002a4836bc800 2184       3       java.io.FilePermission$1::run (5 bytes)
Event: 11.759 Thread 0x000002a4836bc800 nmethod 2184 0x000002a4daa92590 code [0x000002a4daa92700, 0x000002a4daa928b0]
Event: 11.759 Thread 0x000002a4836bc800 2185   !   3       java.io.FilePermission$1::run (116 bytes)
Event: 11.760 Thread 0x000002a4836bc800 nmethod 2185 0x000002a4daa8f750 code [0x000002a4daa8fac0, 0x000002a4daa91630]
Event: 11.798 Thread 0x000002a4836bd800 2186       4       java.util.HashSet::iterator (13 bytes)
Event: 11.805 Thread 0x000002a4836bd800 nmethod 2186 0x000002a4daa8bd10 code [0x000002a4daa8be80, 0x000002a4daa8c318]
Event: 11.854 Thread 0x000002a4836bc800 2187       3       java.util.zip.InflaterInputStream::fill (60 bytes)
Event: 11.854 Thread 0x000002a4836bc800 nmethod 2187 0x000002a4daa8b450 code [0x000002a4daa8b600, 0x000002a4daa8bb00]
Event: 11.854 Thread 0x000002a4836bc800 2188       3       java.io.SequenceInputStream::read (84 bytes)
Event: 11.855 Thread 0x000002a4836bc800 nmethod 2188 0x000002a4daa8a950 code [0x000002a4daa8ab20, 0x000002a4daa8b200]

GC Heap History (10 events):
Event: 7.575 GC heap before
{Heap before GC invocations=20 (full 1):
 PSYoungGen      total 107520K, used 100241K [0x00000006eab00000, 0x00000006f1e00000, 0x00000007c0000000)
  eden space 97280K, 100% used [0x00000006eab00000,0x00000006f0a00000,0x00000006f0a00000)
  from space 10240K, 28% used [0x00000006f1400000,0x00000006f16e47b8,0x00000006f1e00000)
  to   space 10240K, 0% used [0x00000006f0a00000,0x00000006f0a00000,0x00000006f1400000)
 ParOldGen       total 120320K, used 10130K [0x0000000540000000, 0x0000000547580000, 0x00000006eab00000)
  object space 120320K, 8% used [0x0000000540000000,0x00000005409e4b98,0x0000000547580000)
 Metaspace       used 24993K, capacity 25260K, committed 25648K, reserved 1071104K
  class space    used 3976K, capacity 4074K, committed 4144K, reserved 1048576K
Event: 7.577 GC heap after
Heap after GC invocations=20 (full 1):
 PSYoungGen      total 107520K, used 3318K [0x00000006eab00000, 0x00000006f2800000, 0x00000007c0000000)
  eden space 97280K, 0% used [0x00000006eab00000,0x00000006eab00000,0x00000006f0a00000)
  from space 10240K, 32% used [0x00000006f0a00000,0x00000006f0d3d950,0x00000006f1400000)
  to   space 9728K, 0% used [0x00000006f1e80000,0x00000006f1e80000,0x00000006f2800000)
 ParOldGen       total 120320K, used 10130K [0x0000000540000000, 0x0000000547580000, 0x00000006eab00000)
  object space 120320K, 8% used [0x0000000540000000,0x00000005409e4b98,0x0000000547580000)
 Metaspace       used 24993K, capacity 25260K, committed 25648K, reserved 1071104K
  class space    used 3976K, capacity 4074K, committed 4144K, reserved 1048576K
}
Event: 7.988 GC heap before
{Heap before GC invocations=21 (full 1):
 PSYoungGen      total 107520K, used 100598K [0x00000006eab00000, 0x00000006f2800000, 0x00000007c0000000)
  eden space 97280K, 100% used [0x00000006eab00000,0x00000006f0a00000,0x00000006f0a00000)
  from space 10240K, 32% used [0x00000006f0a00000,0x00000006f0d3d950,0x00000006f1400000)
  to   space 9728K, 0% used [0x00000006f1e80000,0x00000006f1e80000,0x00000006f2800000)
 ParOldGen       total 120320K, used 10130K [0x0000000540000000, 0x0000000547580000, 0x00000006eab00000)
  object space 120320K, 8% used [0x0000000540000000,0x00000005409e4b98,0x0000000547580000)
 Metaspace       used 25422K, capacity 25644K, committed 25904K, reserved 1071104K
  class space    used 4061K, capacity 4138K, committed 4144K, reserved 1048576K
Event: 7.991 GC heap after
Heap after GC invocations=21 (full 1):
 PSYoungGen      total 117248K, used 3559K [0x00000006eab00000, 0x00000006f2700000, 0x00000007c0000000)
  eden space 108544K, 0% used [0x00000006eab00000,0x00000006eab00000,0x00000006f1500000)
  from space 8704K, 40% used [0x00000006f1e80000,0x00000006f21f9ee0,0x00000006f2700000)
  to   space 9216K, 0% used [0x00000006f1500000,0x00000006f1500000,0x00000006f1e00000)
 ParOldGen       total 120320K, used 10130K [0x0000000540000000, 0x0000000547580000, 0x00000006eab00000)
  object space 120320K, 8% used [0x0000000540000000,0x00000005409e4b98,0x0000000547580000)
 Metaspace       used 25422K, capacity 25644K, committed 25904K, reserved 1071104K
  class space    used 4061K, capacity 4138K, committed 4144K, reserved 1048576K
}
Event: 8.653 GC heap before
{Heap before GC invocations=22 (full 1):
 PSYoungGen      total 117248K, used 112103K [0x00000006eab00000, 0x00000006f2700000, 0x00000007c0000000)
  eden space 108544K, 100% used [0x00000006eab00000,0x00000006f1500000,0x00000006f1500000)
  from space 8704K, 40% used [0x00000006f1e80000,0x00000006f21f9ee0,0x00000006f2700000)
  to   space 9216K, 0% used [0x00000006f1500000,0x00000006f1500000,0x00000006f1e00000)
 ParOldGen       total 120320K, used 10130K [0x0000000540000000, 0x0000000547580000, 0x00000006eab00000)
  object space 120320K, 8% used [0x0000000540000000,0x00000005409e4b98,0x0000000547580000)
 Metaspace       used 25919K, capacity 26156K, committed 26544K, reserved 1071104K
  class space    used 4118K, capacity 4202K, committed 4272K, reserved 1048576K
Event: 8.655 GC heap after
Heap after GC invocations=22 (full 1):
 PSYoungGen      total 117760K, used 4141K [0x00000006eab00000, 0x00000006f3100000, 0x00000007c0000000)
  eden space 108544K, 0% used [0x00000006eab00000,0x00000006eab00000,0x00000006f1500000)
  from space 9216K, 44% used [0x00000006f1500000,0x00000006f190b6e8,0x00000006f1e00000)
  to   space 8704K, 0% used [0x00000006f2880000,0x00000006f2880000,0x00000006f3100000)
 ParOldGen       total 120320K, used 10138K [0x0000000540000000, 0x0000000547580000, 0x00000006eab00000)
  object space 120320K, 8% used [0x0000000540000000,0x00000005409e6b98,0x0000000547580000)
 Metaspace       used 25919K, capacity 26156K, committed 26544K, reserved 1071104K
  class space    used 4118K, capacity 4202K, committed 4272K, reserved 1048576K
}
Event: 9.382 GC heap before
{Heap before GC invocations=23 (full 1):
 PSYoungGen      total 117760K, used 112685K [0x00000006eab00000, 0x00000006f3100000, 0x00000007c0000000)
  eden space 108544K, 100% used [0x00000006eab00000,0x00000006f1500000,0x00000006f1500000)
  from space 9216K, 44% used [0x00000006f1500000,0x00000006f190b6e8,0x00000006f1e00000)
  to   space 8704K, 0% used [0x00000006f2880000,0x00000006f2880000,0x00000006f3100000)
 ParOldGen       total 120320K, used 10138K [0x0000000540000000, 0x0000000547580000, 0x00000006eab00000)
  object space 120320K, 8% used [0x0000000540000000,0x00000005409e6b98,0x0000000547580000)
 Metaspace       used 26334K, capacity 26636K, committed 26928K, reserved 1071104K
  class space    used 4216K, capacity 4298K, committed 4400K, reserved 1048576K
Event: 9.385 GC heap after
Heap after GC invocations=23 (full 1):
 PSYoungGen      total 127488K, used 4287K [0x00000006eab00000, 0x00000006f3080000, 0x00000007c0000000)
  eden space 119296K, 0% used [0x00000006eab00000,0x00000006eab00000,0x00000006f1f80000)
  from space 8192K, 52% used [0x00000006f2880000,0x00000006f2caffa8,0x00000006f3080000)
  to   space 8704K, 0% used [0x00000006f1f80000,0x00000006f1f80000,0x00000006f2800000)
 ParOldGen       total 120320K, used 10138K [0x0000000540000000, 0x0000000547580000, 0x00000006eab00000)
  object space 120320K, 8% used [0x0000000540000000,0x00000005409e6b98,0x0000000547580000)
 Metaspace       used 26334K, capacity 26636K, committed 26928K, reserved 1071104K
  class space    used 4216K, capacity 4298K, committed 4400K, reserved 1048576K
}
Event: 10.216 GC heap before
{Heap before GC invocations=24 (full 1):
 PSYoungGen      total 127488K, used 123583K [0x00000006eab00000, 0x00000006f3080000, 0x00000007c0000000)
  eden space 119296K, 100% used [0x00000006eab00000,0x00000006f1f80000,0x00000006f1f80000)
  from space 8192K, 52% used [0x00000006f2880000,0x00000006f2caffa8,0x00000006f3080000)
  to   space 8704K, 0% used [0x00000006f1f80000,0x00000006f1f80000,0x00000006f2800000)
 ParOldGen       total 120320K, used 10138K [0x0000000540000000, 0x0000000547580000, 0x00000006eab00000)
  object space 120320K, 8% used [0x0000000540000000,0x00000005409e6b98,0x0000000547580000)
 Metaspace       used 26849K, capacity 27148K, committed 27568K, reserved 1073152K
  class space    used 4329K, capacity 4426K, committed 4528K, reserved 1048576K
Event: 10.218 GC heap after
Heap after GC invocations=24 (full 1):
 PSYoungGen      total 128000K, used 4923K [0x00000006eab00000, 0x00000006f3080000, 0x00000007c0000000)
  eden space 119296K, 0% used [0x00000006eab00000,0x00000006eab00000,0x00000006f1f80000)
  from space 8704K, 56% used [0x00000006f1f80000,0x00000006f244eff0,0x00000006f2800000)
  to   space 8192K, 0% used [0x00000006f2880000,0x00000006f2880000,0x00000006f3080000)
 ParOldGen       total 120320K, used 10138K [0x0000000540000000, 0x0000000547580000, 0x00000006eab00000)
  object space 120320K, 8% used [0x0000000540000000,0x00000005409e6b98,0x0000000547580000)
 Metaspace       used 26849K, capacity 27148K, committed 27568K, reserved 1073152K
  class space    used 4329K, capacity 4426K, committed 4528K, reserved 1048576K
}

Deoptimization events (10 events):
Event: 6.141 Thread 0x000002a4836bf800 Uncommon trap: reason=unstable_if action=reinterpret pc=0x000002a4da6c5874 method=java.lang.reflect.Method.isDefault()Z @ 19
Event: 6.141 Thread 0x000002a4836bf800 Uncommon trap: reason=unstable_if action=reinterpret pc=0x000002a4daa8ef3c method=java.lang.reflect.Method.isDefault()Z @ 19
Event: 7.217 Thread 0x000002a4879a9800 Uncommon trap: reason=unstable_if action=reinterpret pc=0x000002a4da9f31a8 method=java.util.concurrent.ConcurrentHashMap.addCount(JI)V @ 34
Event: 9.893 Thread 0x000002a4836c0800 Uncommon trap: reason=unstable_if action=reinterpret pc=0x000002a4da6a08ac method=java.lang.AbstractStringBuilder.append(Ljava/lang/String;)Ljava/lang/AbstractStringBuilder; @ 1
Event: 9.893 Thread 0x000002a4836c0800 Uncommon trap: reason=unstable_if action=reinterpret pc=0x000002a4daadcb4c method=org.processmining.framework.plugin.impl.PluginManagerImpl.loadClass(Ljava/lang/ClassLoader;Ljava/net/URL;Ljava/lang/String;Lorg/processmining/framework/packages/PackageDescr
Event: 10.661 Thread 0x000002a4d89ba000 Uncommon trap: reason=unstable_if action=reinterpret pc=0x000002a4daabd974 method=java.util.jar.JarFile.maybeInstantiateVerifier()V @ 21
Event: 10.704 Thread 0x000002a4d89ba000 Uncommon trap: reason=unstable_if action=reinterpret pc=0x000002a4da4b6ae0 method=java.lang.Class$MethodArray.addIfNotPresent(Ljava/lang/reflect/Method;)V @ 19
Event: 11.288 Thread 0x000002a4d89ba000 Uncommon trap: reason=null_check action=make_not_entrant pc=0x000002a4da9ed128 method=java.lang.Class.createAnnotationData(I)Ljava/lang/Class$AnnotationData; @ 14
Event: 11.373 Thread 0x000002a4d89ba000 Uncommon trap: reason=unstable_if action=reinterpret pc=0x000002a4da536404 method=java.util.HashMap.clear()V @ 23
Event: 11.672 Thread 0x000002a4d89ba000 Uncommon trap: reason=unstable_if action=reinterpret pc=0x000002a4da930f24 method=java.net.URLStreamHandler.parseURL(Ljava/net/URL;Ljava/lang/String;II)V @ 925

Classes redefined (0 events):
No events

Internal exceptions (10 events):
Event: 4.159 Thread 0x000002a488218000 Exception <a 'java/security/PrivilegedActionException'> (0x00000006ebd4b618) thrown at [C:\jenkins\workspace\8-2-build-windows-amd64-cygwin\jdk8u281\880\hotspot\src\share\vm\prims\jvm.cpp, line 1512]
Event: 4.159 Thread 0x000002a488218000 Exception <a 'java/security/PrivilegedActionException'> (0x00000006ebd4b828) thrown at [C:\jenkins\workspace\8-2-build-windows-amd64-cygwin\jdk8u281\880\hotspot\src\share\vm\prims\jvm.cpp, line 1512]
Event: 6.466 Thread 0x000002a4836b9800 Exception <a 'java/security/PrivilegedActionException'> (0x00000006edfa42f0) thrown at [C:\jenkins\workspace\8-2-build-windows-amd64-cygwin\jdk8u281\880\hotspot\src\share\vm\prims\jvm.cpp, line 1512]
Event: 6.466 Thread 0x000002a4836b9800 Exception <a 'java/security/PrivilegedActionException'> (0x00000006edfa4500) thrown at [C:\jenkins\workspace\8-2-build-windows-amd64-cygwin\jdk8u281\880\hotspot\src\share\vm\prims\jvm.cpp, line 1512]
Event: 9.893 Thread 0x000002a4836c0800 Exception <a 'java/lang/OutOfMemoryError'> (0x00000006eef2af60) thrown at [C:\jenkins\workspace\8-2-build-windows-amd64-cygwin\jdk8u281\880\hotspot\src\share\vm\prims\jni.cpp, line 737]
Event: 9.893 Thread 0x000002a4836c0800 Exception <a 'java/lang/OutOfMemoryError'> (0x00000006eef2af60) thrown at [C:\jenkins\workspace\8-2-build-windows-amd64-cygwin\jdk8u281\880\hotspot\src\share\vm\prims\jvm.cpp, line 1516]
Event: 9.893 Thread 0x000002a4836c0800 Exception <a 'java/lang/OutOfMemoryError'> (0x00000006eef2af60) thrown at [C:\jenkins\workspace\8-2-build-windows-amd64-cygwin\jdk8u281\880\hotspot\src\share\vm\prims\jvm.cpp, line 1516]
Event: 9.893 Thread 0x000002a4836c0800 Exception <a 'java/lang/OutOfMemoryError'> (0x00000006eef2af60) thrown at [C:\jenkins\workspace\8-2-build-windows-amd64-cygwin\jdk8u281\880\hotspot\src\share\vm\prims\jvm.cpp, line 1516]
Event: 9.893 Thread 0x000002a4836c0800 Implicit null exception at 0x000002a4da6a04d4 to 0x000002a4da6a0895
Event: 10.661 Thread 0x000002a4d89ba000 Implicit null exception at 0x000002a4daab7c94 to 0x000002a4daabd93d

Events (10 events):
Event: 11.488 Thread 0x000002a4d89ba000 DEOPT UNPACKING pc=0x000002a4da3e7898 sp=0x000000f6b13fdeb0 mode 0
Event: 11.491 Thread 0x000002a4d89ba000 DEOPT PACKING pc=0x000002a4da7b59b3 sp=0x000000f6b13fe370
Event: 11.491 Thread 0x000002a4d89ba000 DEOPT UNPACKING pc=0x000002a4da3e7898 sp=0x000000f6b13fe088 mode 0
Event: 11.672 Thread 0x000002a4d89ba000 Uncommon trap: trap_request=0xffffff65 fr.pc=0x000002a4da930f24
Event: 11.672 Thread 0x000002a4d89ba000 DEOPT PACKING pc=0x000002a4da930f24 sp=0x000000f6b13fd500
Event: 11.672 Thread 0x000002a4d89ba000 DEOPT UNPACKING pc=0x000002a4da3e5843 sp=0x000000f6b13fd4d0 mode 2
Event: 11.755 loading class hub/top/uma/view/MineSimplify
Event: 11.755 loading class hub/top/uma/view/MineSimplify done
Event: 11.757 loading class hub/top/uma/DNodeSet
Event: 11.757 loading class hub/top/uma/DNodeSet done


Dynamic libraries:
0x00007ff66d6c0000 - 0x00007ff66d707000 	C:\Program Files\Java\jre1.8.0_281\bin\javaw.exe
0x00007ff91a630000 - 0x00007ff91a844000 	C:\WINDOWS\SYSTEM32\ntdll.dll
0x00007ff919d10000 - 0x00007ff919dd3000 	C:\WINDOWS\System32\KERNEL32.DLL
0x00007ff917f80000 - 0x00007ff91831c000 	C:\WINDOWS\System32\KERNELBASE.dll
0x00007ff9188e0000 - 0x00007ff91898e000 	C:\WINDOWS\System32\ADVAPI32.dll
0x00007ff918560000 - 0x00007ff918607000 	C:\WINDOWS\System32\msvcrt.dll
0x00007ff918e10000 - 0x00007ff918eb4000 	C:\WINDOWS\System32\sechost.dll
0x00007ff919e80000 - 0x00007ff919f95000 	C:\WINDOWS\System32\RPCRT4.dll
0x00007ff918710000 - 0x00007ff9188bd000 	C:\WINDOWS\System32\USER32.dll
0x00007ff917c60000 - 0x00007ff917c86000 	C:\WINDOWS\System32\win32u.dll
0x00007ff918990000 - 0x00007ff9189b9000 	C:\WINDOWS\System32\GDI32.dll
0x00007ff917e60000 - 0x00007ff917f72000 	C:\WINDOWS\System32\gdi32full.dll
0x00007ff917dc0000 - 0x00007ff917e5a000 	C:\WINDOWS\System32\msvcp_win.dll
0x00007ff918320000 - 0x00007ff918431000 	C:\WINDOWS\System32\ucrtbase.dll
0x00007ff8f8490000 - 0x00007ff8f871e000 	C:\WINDOWS\WinSxS\amd64_microsoft.windows.common-controls_6595b64144ccf1df_6.0.22621.608_none_a9444ca7c10bb01d\COMCTL32.dll
0x00007ff918670000 - 0x00007ff9186a2000 	C:\WINDOWS\System32\IMM32.DLL
0x00007ff910210000 - 0x00007ff910225000 	C:\Program Files\Java\jre1.8.0_281\bin\vcruntime140.dll
0x00007ff8abc20000 - 0x00007ff8abcbb000 	C:\Program Files\Java\jre1.8.0_281\bin\msvcp140.dll
0x00000000777a0000 - 0x0000000077fff000 	C:\Program Files\Java\jre1.8.0_281\bin\server\jvm.dll
0x00007ff919e70000 - 0x00007ff919e78000 	C:\WINDOWS\System32\PSAPI.DLL
0x00007ff900400000 - 0x00007ff900409000 	C:\WINDOWS\SYSTEM32\WSOCK32.dll
0x00007ff914f00000 - 0x00007ff914f34000 	C:\WINDOWS\SYSTEM32\WINMM.dll
0x00007ff90fa10000 - 0x00007ff90fa1a000 	C:\WINDOWS\SYSTEM32\VERSION.dll
0x00007ff9189f0000 - 0x00007ff918a61000 	C:\WINDOWS\System32\WS2_32.dll
0x00007ff916bb0000 - 0x00007ff916bc8000 	C:\WINDOWS\SYSTEM32\kernel.appcore.dll
0x00007ff8ffb70000 - 0x00007ff8ffb80000 	C:\Program Files\Java\jre1.8.0_281\bin\verify.dll
0x00007ff8fc6f0000 - 0x00007ff8fc71b000 	C:\Program Files\Java\jre1.8.0_281\bin\java.dll
0x00007ff8fc6d0000 - 0x00007ff8fc6e8000 	C:\Program Files\Java\jre1.8.0_281\bin\zip.dll
0x00007ff919440000 - 0x00007ff919c2f000 	C:\WINDOWS\System32\SHELL32.dll
0x00007ff915aa0000 - 0x00007ff916368000 	C:\WINDOWS\SYSTEM32\windows.storage.dll
0x00007ff919fa0000 - 0x00007ff91a32a000 	C:\WINDOWS\System32\combase.dll
0x00007ff915960000 - 0x00007ff915a9e000 	C:\WINDOWS\SYSTEM32\wintypes.dll
0x00007ff918a70000 - 0x00007ff918b61000 	C:\WINDOWS\System32\SHCORE.dll
0x00007ff919360000 - 0x00007ff9193be000 	C:\WINDOWS\System32\shlwapi.dll
0x00007ff9179a0000 - 0x00007ff9179c1000 	C:\WINDOWS\SYSTEM32\profapi.dll
0x00007ff8fc630000 - 0x00007ff8fc64c000 	C:\Program Files\Java\jre1.8.0_281\bin\net.dll
0x00007ff917020000 - 0x00007ff917089000 	C:\WINDOWS\system32\mswsock.dll
0x00007ff9166a0000 - 0x00007ff916793000 	C:\WINDOWS\SYSTEM32\DNSAPI.dll
0x00007ff916630000 - 0x00007ff91665d000 	C:\WINDOWS\SYSTEM32\IPHLPAPI.DLL
0x00007ff9189e0000 - 0x00007ff9189e9000 	C:\WINDOWS\System32\NSI.dll
0x00007ff90c380000 - 0x00007ff90c38a000 	C:\Windows\System32\rasadhlp.dll
0x00007ff90bcd0000 - 0x00007ff90bd53000 	C:\WINDOWS\System32\fwpuclnt.dll
0x00007ff88f1d0000 - 0x00007ff88f365000 	C:\Program Files\Java\jre1.8.0_281\bin\awt.dll
0x00007ff919c30000 - 0x00007ff919d07000 	C:\WINDOWS\System32\OLEAUT32.dll
0x00007ff9127d0000 - 0x00007ff912867000 	C:\WINDOWS\SYSTEM32\apphelp.dll
0x00007ff917270000 - 0x00007ff91728b000 	C:\WINDOWS\SYSTEM32\CRYPTSP.dll
0x00007ff916b20000 - 0x00007ff916b55000 	C:\WINDOWS\system32\rsaenh.dll
0x00007ff917110000 - 0x00007ff917138000 	C:\WINDOWS\SYSTEM32\USERENV.dll
0x00007ff917410000 - 0x00007ff917438000 	C:\WINDOWS\SYSTEM32\bcrypt.dll
0x00007ff917be0000 - 0x00007ff917c5b000 	C:\WINDOWS\System32\bcryptprimitives.dll
0x00007ff917290000 - 0x00007ff91729c000 	C:\WINDOWS\SYSTEM32\CRYPTBASE.dll
0x00007ff90d820000 - 0x00007ff90d839000 	C:\WINDOWS\SYSTEM32\dhcpcsvc6.DLL
0x00007ff90d5c0000 - 0x00007ff90d5df000 	C:\WINDOWS\SYSTEM32\dhcpcsvc.DLL
0x00007ff8dc220000 - 0x00007ff8dc233000 	C:\Program Files\Java\jre1.8.0_281\bin\nio.dll
0x00007ff9129d0000 - 0x00007ff912a7b000 	C:\WINDOWS\system32\uxtheme.dll
0x00007ff8b5f60000 - 0x00007ff8b6099000 	C:\ProgramData\A-Volute\A-Volute.Nahimic\Modules\Scheduled\x64\AudioDevProps2.dll
0x00007ff918b70000 - 0x00007ff918d0c000 	C:\WINDOWS\System32\ole32.dll
0x00007ff918440000 - 0x00007ff91855e000 	C:\WINDOWS\System32\MSCTF.dll
0x00007ff9037a0000 - 0x00007ff9037c6000 	E:\有道翻译\Dict\9.1.6.0\WordStrokeHelper64.dll
0x00007ff914960000 - 0x00007ff914b8e000 	C:\WINDOWS\SYSTEM32\dbghelp.dll

VM Arguments:
jvm_args: -ea -Xmx10G -XX:MaxPermSize=10G -Djava.library.path=.//lib -Djava.util.Arrays.useLegacyMergeSort=true -Dfile.encoding=GBK 
java_command: org.processmining.contexts.uitopia.UI
java_class_path (initial): E:\Users\cannyking\eclipse-workspace\DecomposedMiner\tests\bin-test;E:\Users\cannyking\eclipse-workspace\DecomposedMiner\bin;C:\Users\cannyking\.ivy2\cache\prom\ProM-Plugins\jars\ProM-Plugins-latest.jar;C:\Users\cannyking\.ivy2\cache\prom\ProM-Contexts\jars\ProM-Contexts-latest.jar;C:\Users\cannyking\.ivy2\cache\prom-libs\guava\jars\guava-16.0.1.jar;C:\Users\cannyking\.ivy2\cache\junit\junit\jars\junit-4.12.jar;C:\Users\cannyking\.ivy2\cache\prom-libs\bsh\jars\bsh-2.0b4.jar;C:\Users\cannyking\.ivy2\cache\prom-libs\Spex\jars\Spex-1.1.jar;C:\Users\cannyking\.ivy2\cache\prom-libs\Uitopia\jars\Uitopia-0.6-20190913.jar;C:\Users\cannyking\.ivy2\cache\prom-libs\UITopiaResources\jars\UITopiaResources-0.6-20190913.jar;C:\Users\cannyking\.ivy2\cache\prom\ProM-Framework\jars\ProM-Framework-latest.jar;C:\Users\cannyking\.ivy2\cache\org.apache.commons\commons-compress\jars\commons-compress-1.13.jar;C:\Users\cannyking\.ivy2\cache\prom-libs\jgraph\jars\jgraph-5.13.0.4.jar;C:\Users\cannyking\.ivy2\cache\com.brsanthu\google-analytics-java\jars\google-analytics-java-1.1.2.jar;C:\Users\cannyking\.ivy2\cache\org.apache.httpcomponents\httpclient\jars\httpclient-4.5.3.jar;C:\Users\cannyking\.ivy2\cache\org.apache.httpcomponents\httpcore\jars\httpcore-4.4.6.jar;C:\Users\cannyking\.ivy2\cache\org.apache.logging.log4j\log4j-api\jars\log4j-api-2.16.0.jar;C:\Users\cannyking\.ivy2\cache\org.apache.logging.log4j\log4j-core\jars\log4j-core-2.16.0.jar;C:\Users\cannyking\.ivy2\cache\org.apache.logging.log4j\log4j-slf4j-impl\jars\log4j-slf4j-impl-2.16.0.jar;C:\Users\cannyking\.ivy2\cache\prom-libs\jargs\jars\jargs-latest.jar;C:\Users\cannyking\.ivy2\cache\tablelayout\TableLayout\jars\TableLayout-20050920.jar;C:\Users\cannyking\.ivy2\cache\org.slf4j\slf4j-api\jars\slf4j-api-1.7.25.jar;C:\Users\cannyking\.ivy2\cache\prom-libs\slickerbox\jars\slickerbox-1.0rc1.jar;C:\Users\cannyking\.ivy2\cache\prom\ProM-Models\jars\ProM-Models-latest.jar;C:\Users\cannyking\.ivy2\cache\pro
Launcher Type: SUN_STANDARD

Environment Variables:
JAVA_HOME=E:\Program Files\Java\jdk1.7.0_80
CLASSPATH= .;E:\Program Files\Java\jdk1.7.0_80\lib;E:\Program Files\Java\jdk1.7.0_80\lib\tools.jar
PATH=C:\Program Files (x86)\Common Files\Oracle\Java\javapath;C:\WINDOWS\system32;C:\WINDOWS;C:\WINDOWS\System32\Wbem;C:\WINDOWS\System32\WindowsPowerShell\v1.0\;E:\Program Files\Java\jdk1.7.0_80\bin;"E:\Program Files\Java\jdk1.7.0_80\bin;E:\Program Files\Java\jdk1.7.0_80\jre\bin;";;C:\WINDOWS\System32\OpenSSH\;C:\Program Files\Graphviz\bin;C:\Users\cannyking\AppData\Local\Microsoft\WindowsApps;D:\压缩解压\;;E:\python\PyCharm 2021.3.3\bin;
USERNAME=cannyking
OS=Windows_NT
PROCESSOR_IDENTIFIER=Intel64 Family 6 Model 142 Stepping 12, GenuineIntel



---------------  S Y S T E M  ---------------

OS: Windows 10.0 , 64 bit Build 22621 (10.0.22621.1194)

CPU:total 8 (initial active 8) (4 cores per cpu, 2 threads per core) family 6 model 142 stepping 12, cmov, cx8, fxsr, mmx, sse, sse2, sse3, ssse3, sse4.1, sse4.2, popcnt, avx, avx2, aes, clmul, erms, 3dnowpref, lzcnt, ht, tsc, tscinvbit, bmi1, bmi2, adx

Memory: 4k page, physical 16601588k(4367988k free), swap 38699632k(5728k free)

vm_info: Java HotSpot(TM) 64-Bit Server VM (25.281-b09) for windows-amd64 JRE (1.8.0_281-b09), built on Dec  9 2020 13:54:07 by "" with MS VC++ 15.9 (VS2017)

time: Tue Feb 28 19:49:43 2023
timezone: 中国标准时间
elapsed time: 11.884514 seconds (0d 0h 0m 11s)

