#
# There is insufficient memory for the Java Runtime Environment to continue.
# Native memory allocation (malloc) failed to allocate 32744 bytes for ChunkPool::allocate
# Possible reasons:
#   The system is out of physical RAM or swap space
#   The process is running with CompressedOops enabled, and the Java Heap may be blocking the growth of the native heap
# Possible solutions:
#   Reduce memory load on the system
#   Increase physical memory or swap space
#   Check if swap backing store is full
#   Decrease Java heap size (-Xmx/-Xms)
#   Decrease number of Java threads
#   Decrease Java thread stack sizes (-Xss)
#   Set larger code cache with -XX:ReservedCodeCacheSize=
#   JVM is running with Zero Based Compressed Oops mode in which the Java heap is
#     placed in the first 32GB address space. The Java Heap base address is the
#     maximum limit for the native heap growth. Please use -XX:HeapBaseMinAddress
#     to set the Java Heap base and to place the Java Heap above 32GB virtual address.
# This output file may be truncated or incomplete.
#
#  Out of Memory Error (allocation.cpp:272), pid=34312, tid=0x00000000000071fc
#
# JRE version: Java(TM) SE Runtime Environment (8.0_281-b09) (build 1.8.0_281-b09)
# Java VM: Java HotSpot(TM) 64-Bit Server VM (25.281-b09 mixed mode windows-amd64 compressed oops)
# Failed to write core dump. Minidumps are not enabled by default on client versions of Windows
#

---------------  T H R E A D  ---------------

Current thread (0x000001e4d1934800):  JavaThread "C2 CompilerThread0" daemon [_thread_in_native, id=29180, stack(0x000000cbab400000,0x000000cbab500000)]

Stack: [0x000000cbab400000,0x000000cbab500000]
Native frames: (J=compiled Java code, j=interpreted, Vv=VM code, C=native code)
V  [jvm.dll+0x32e5b9]


Current CompileTask:
C2:2700063 9974   !   4       java.awt.EventQueue::postEventPrivate (104 bytes)


---------------  P R O C E S S  ---------------

Java Threads: ( => current thread )
  0x000001e4df292800 JavaThread "SwingWorker-pool-4-thread-2" daemon [_thread_blocked, id=22604, stack(0x000000cbae200000,0x000000cbae300000)]
  0x000001e4df28e000 JavaThread "SwingWorker-pool-4-thread-1" daemon [_thread_blocked, id=1744, stack(0x000000cbaf800000,0x000000cbaf900000)]
  0x000001e4d3848800 JavaThread "Swing-Shell" daemon [_thread_blocked, id=22396, stack(0x000000cbac100000,0x000000cbac200000)]
  0x000001e4d3843000 JavaThread "DestroyJavaVM" [_thread_blocked, id=41280, stack(0x000000cbaaa00000,0x000000cbaab00000)]
  0x000001e4d3845800 JavaThread "TimerQueue" daemon [_thread_blocked, id=10328, stack(0x000000cbabc00000,0x000000cbabd00000)]
  0x000001e4d3847000 JavaThread "AWT-EventQueue-0" [_thread_blocked, id=28960, stack(0x000000cbabb00000,0x000000cbabc00000)]
  0x000001e4d384a000 JavaThread "AWT-Shutdown" [_thread_blocked, id=39568, stack(0x000000cbab900000,0x000000cbaba00000)]
  0x000001e4d3846000 JavaThread "AWT-Windows" daemon [_thread_in_native, id=41328, stack(0x000000cbaba00000,0x000000cbabb00000)]
  0x000001e4d3844000 JavaThread "Java2D Disposer" daemon [_thread_blocked, id=40664, stack(0x000000cbab800000,0x000000cbab900000)]
  0x000001e4d1994800 JavaThread "Service Thread" daemon [_thread_blocked, id=33728, stack(0x000000cbab600000,0x000000cbab700000)]
  0x000001e4d1991800 JavaThread "C1 CompilerThread1" daemon [_thread_blocked, id=28712, stack(0x000000cbab500000,0x000000cbab600000)]
=>0x000001e4d1934800 JavaThread "C2 CompilerThread0" daemon [_thread_in_native, id=29180, stack(0x000000cbab400000,0x000000cbab500000)]
  0x000001e4d1934000 JavaThread "Attach Listener" daemon [_thread_blocked, id=41948, stack(0x000000cbab300000,0x000000cbab400000)]
  0x000001e4d1933800 JavaThread "Signal Dispatcher" daemon [_thread_blocked, id=112, stack(0x000000cbab200000,0x000000cbab300000)]
  0x000001e4d18b5000 JavaThread "Finalizer" daemon [_thread_blocked, id=26740, stack(0x000000cbab100000,0x000000cbab200000)]
  0x000001e4d1888800 JavaThread "Reference Handler" daemon [_thread_blocked, id=42544, stack(0x000000cbab000000,0x000000cbab100000)]

Other Threads:
  0x000001e4d187d000 VMThread [stack: 0x000000cbaaf00000,0x000000cbab000000] [id=3360]
  0x000001e4d19da800 WatcherThread [stack: 0x000000cbab700000,0x000000cbab800000] [id=38964]

VM state:not at safepoint (normal execution)

VM Mutex/Monitor currently owned by a thread: None

heap address: 0x0000000540000000, size: 10240 MB, Compressed Oops mode: Zero based, Oop shift amount: 3
Narrow klass base: 0x0000000000000000, Narrow klass shift: 3
Compressed class space size: 1073741824 Address: 0x00000007c0000000

Heap:
 PSYoungGen      total 797184K, used 553091K [0x00000006eab00000, 0x000000071ea00000, 0x00000007c0000000)
  eden space 761856K, 71% used [0x00000006eab00000,0x000000070c282770,0x0000000719300000)
  from space 35328K, 13% used [0x000000071c780000,0x000000071cc1e528,0x000000071ea00000)
  to   space 44544K, 0% used [0x0000000719300000,0x0000000719300000,0x000000071be80000)
 ParOldGen       total 175104K, used 122783K [0x0000000540000000, 0x000000054ab00000, 0x00000006eab00000)
  object space 175104K, 70% used [0x0000000540000000,0x00000005477e7f50,0x000000054ab00000)
 Metaspace       used 54757K, capacity 55220K, committed 55592K, reserved 1097728K
  class space    used 8029K, capacity 8185K, committed 8240K, reserved 1048576K

Card table byte_map: [0x000001e4b98b0000,0x000001e4bacc0000] byte_map_base: 0x000001e4b6eb0000

Marking Bits: (ParMarkBitMap*) 0x0000000073646ff0
 Begin Bits: [0x000001e4bba20000, 0x000001e4c5a20000)
 End Bits:   [0x000001e4c5a20000, 0x000001e4cfa20000)

Polling page: 0x000001e4a8d00000

CodeCache: size=245760Kb used=24168Kb max_used=24420Kb free=221591Kb
 bounds [0x000001e4aa4f0000, 0x000001e4abd20000, 0x000001e4b94f0000]
 total_blobs=8323 nmethods=7586 adapters=646
 compilation: enabled

Compilation events (10 events):
Event: 1515.001 Thread 0x000001e4d1991800 nmethod 9969 0x000001e4ab709f90 code [0x000001e4ab70a100, 0x000001e4ab70a478]
Event: 2324.970 Thread 0x000001e4d1934800 9970       4       java.util.concurrent.locks.AbstractQueuedSynchronizer$ConditionObject::awaitNanos (156 bytes)
Event: 2324.983 Thread 0x000001e4d1934800 nmethod 9970 0x000001e4aaf28090 code [0x000001e4aaf282a0, 0x000001e4aaf28fc0]
Event: 2447.821 Thread 0x000001e4d1991800 9971       3       javax.swing.JComponent::getObscuredState (220 bytes)
Event: 2447.823 Thread 0x000001e4d1991800 nmethod 9971 0x000001e4aba25790 code [0x000001e4aba259c0, 0x000001e4aba26a70]
Event: 2456.435 Thread 0x000001e4d1991800 9972       3       java.awt.KeyboardFocusManager::firePropertyChange (26 bytes)
Event: 2456.436 Thread 0x000001e4d1991800 nmethod 9972 0x000001e4aad4e5d0 code [0x000001e4aad4e7a0, 0x000001e4aad4efd0]
Event: 2660.788 Thread 0x000001e4d1934800 9973       4       java.util.concurrent.locks.AbstractQueuedSynchronizer$ConditionObject::doSignalAll (36 bytes)
Event: 2660.792 Thread 0x000001e4d1934800 nmethod 9973 0x000001e4ab77a890 code [0x000001e4ab77aa00, 0x000001e4ab77ad08]
Event: 2700.049 Thread 0x000001e4d1934800 9974   !   4       java.awt.EventQueue::postEventPrivate (104 bytes)

GC Heap History (10 events):
Event: 31.060 GC heap before
{Heap before GC invocations=14 (full 2):
 PSYoungGen      total 444928K, used 7104K [0x00000006eab00000, 0x0000000707380000, 0x00000007c0000000)
  eden space 437760K, 0% used [0x00000006eab00000,0x00000006eab00000,0x0000000705680000)
  from space 7168K, 99% used [0x0000000706c80000,0x00000007073700f0,0x0000000707380000)
  to   space 11776K, 0% used [0x0000000705c80000,0x0000000705c80000,0x0000000706800000)
 ParOldGen       total 110080K, used 25640K [0x0000000540000000, 0x0000000546b80000, 0x00000006eab00000)
  object space 110080K, 23% used [0x0000000540000000,0x000000054190a3a0,0x0000000546b80000)
 Metaspace       used 34933K, capacity 35222K, committed 35496K, reserved 1079296K
  class space    used 5661K, capacity 5762K, committed 5808K, reserved 1048576K
Event: 31.157 GC heap after
Heap after GC invocations=14 (full 2):
 PSYoungGen      total 444928K, used 0K [0x00000006eab00000, 0x0000000707380000, 0x00000007c0000000)
  eden space 437760K, 0% used [0x00000006eab00000,0x00000006eab00000,0x0000000705680000)
  from space 7168K, 0% used [0x0000000706c80000,0x0000000706c80000,0x0000000707380000)
  to   space 11776K, 0% used [0x0000000705c80000,0x0000000705c80000,0x0000000706800000)
 ParOldGen       total 175104K, used 29136K [0x0000000540000000, 0x000000054ab00000, 0x00000006eab00000)
  object space 175104K, 16% used [0x0000000540000000,0x0000000541c743f0,0x000000054ab00000)
 Metaspace       used 34933K, capacity 35222K, committed 35496K, reserved 1079296K
  class space    used 5661K, capacity 5762K, committed 5808K, reserved 1048576K
}
Event: 41.164 GC heap before
{Heap before GC invocations=15 (full 2):
 PSYoungGen      total 444928K, used 437760K [0x00000006eab00000, 0x0000000707380000, 0x00000007c0000000)
  eden space 437760K, 100% used [0x00000006eab00000,0x0000000705680000,0x0000000705680000)
  from space 7168K, 0% used [0x0000000706c80000,0x0000000706c80000,0x0000000707380000)
  to   space 11776K, 0% used [0x0000000705c80000,0x0000000705c80000,0x0000000706800000)
 ParOldGen       total 175104K, used 29136K [0x0000000540000000, 0x000000054ab00000, 0x00000006eab00000)
  object space 175104K, 16% used [0x0000000540000000,0x0000000541c743f0,0x000000054ab00000)
 Metaspace       used 45308K, capacity 45742K, committed 46120K, reserved 1087488K
  class space    used 7024K, capacity 7156K, committed 7216K, reserved 1048576K
Event: 41.190 GC heap after
Heap after GC invocations=15 (full 2):
 PSYoungGen      total 455680K, used 11770K [0x00000006eab00000, 0x000000070fa00000, 0x00000007c0000000)
  eden space 443904K, 0% used [0x00000006eab00000,0x00000006eab00000,0x0000000705c80000)
  from space 11776K, 99% used [0x0000000705c80000,0x00000007067fe928,0x0000000706800000)
  to   space 18432K, 0% used [0x000000070e800000,0x000000070e800000,0x000000070fa00000)
 ParOldGen       total 175104K, used 42574K [0x0000000540000000, 0x000000054ab00000, 0x00000006eab00000)
  object space 175104K, 24% used [0x0000000540000000,0x0000000542993860,0x000000054ab00000)
 Metaspace       used 45308K, capacity 45742K, committed 46120K, reserved 1087488K
  class space    used 7024K, capacity 7156K, committed 7216K, reserved 1048576K
}
Event: 95.214 GC heap before
{Heap before GC invocations=16 (full 2):
 PSYoungGen      total 455680K, used 453824K [0x00000006eab00000, 0x000000070fa00000, 0x00000007c0000000)
  eden space 443904K, 99% used [0x00000006eab00000,0x0000000705ab1750,0x0000000705c80000)
  from space 11776K, 99% used [0x0000000705c80000,0x00000007067fe928,0x0000000706800000)
  to   space 18432K, 0% used [0x000000070e800000,0x000000070e800000,0x000000070fa00000)
 ParOldGen       total 175104K, used 42574K [0x0000000540000000, 0x000000054ab00000, 0x00000006eab00000)
  object space 175104K, 24% used [0x0000000540000000,0x0000000542993860,0x000000054ab00000)
 Metaspace       used 49841K, capacity 50298K, committed 50856K, reserved 1091584K
  class space    used 7599K, capacity 7754K, committed 7856K, reserved 1048576K
Event: 95.246 GC heap after
Heap after GC invocations=16 (full 2):
 PSYoungGen      total 578048K, used 18402K [0x00000006eab00000, 0x000000070ff80000, 0x00000007c0000000)
  eden space 559616K, 0% used [0x00000006eab00000,0x00000006eab00000,0x000000070cd80000)
  from space 18432K, 99% used [0x000000070e800000,0x000000070f9f8a18,0x000000070fa00000)
  to   space 25600K, 0% used [0x000000070cd80000,0x000000070cd80000,0x000000070e680000)
 ParOldGen       total 175104K, used 55213K [0x0000000540000000, 0x000000054ab00000, 0x00000006eab00000)
  object space 175104K, 31% used [0x0000000540000000,0x00000005435eb580,0x000000054ab00000)
 Metaspace       used 49841K, capacity 50298K, committed 50856K, reserved 1091584K
  class space    used 7599K, capacity 7754K, committed 7856K, reserved 1048576K
}
Event: 98.743 GC heap before
{Heap before GC invocations=17 (full 2):
 PSYoungGen      total 578048K, used 578018K [0x00000006eab00000, 0x000000070ff80000, 0x00000007c0000000)
  eden space 559616K, 100% used [0x00000006eab00000,0x000000070cd80000,0x000000070cd80000)
  from space 18432K, 99% used [0x000000070e800000,0x000000070f9f8a18,0x000000070fa00000)
  to   space 25600K, 0% used [0x000000070cd80000,0x000000070cd80000,0x000000070e680000)
 ParOldGen       total 175104K, used 55213K [0x0000000540000000, 0x000000054ab00000, 0x00000006eab00000)
  object space 175104K, 31% used [0x0000000540000000,0x00000005435eb580,0x000000054ab00000)
 Metaspace       used 52184K, capacity 52648K, committed 53032K, reserved 1093632K
  class space    used 7791K, capacity 7927K, committed 7984K, reserved 1048576K
Event: 98.846 GC heap after
Heap after GC invocations=17 (full 2):
 PSYoungGen      total 585216K, used 25600K [0x00000006eab00000, 0x000000071f380000, 0x00000007c0000000)
  eden space 559616K, 0% used [0x00000006eab00000,0x00000006eab00000,0x000000070cd80000)
  from space 25600K, 100% used [0x000000070cd80000,0x000000070e680000,0x000000070e680000)
  to   space 45056K, 0% used [0x000000071c780000,0x000000071c780000,0x000000071f380000)
 ParOldGen       total 175104K, used 97266K [0x0000000540000000, 0x000000054ab00000, 0x00000006eab00000)
  object space 175104K, 55% used [0x0000000540000000,0x0000000545efc870,0x000000054ab00000)
 Metaspace       used 52184K, capacity 52648K, committed 53032K, reserved 1093632K
  class space    used 7791K, capacity 7927K, committed 7984K, reserved 1048576K
}
Event: 104.255 GC heap before
{Heap before GC invocations=18 (full 2):
 PSYoungGen      total 585216K, used 585216K [0x00000006eab00000, 0x000000071f380000, 0x00000007c0000000)
  eden space 559616K, 100% used [0x00000006eab00000,0x000000070cd80000,0x000000070cd80000)
  from space 25600K, 100% used [0x000000070cd80000,0x000000070e680000,0x000000070e680000)
  to   space 45056K, 0% used [0x000000071c780000,0x000000071c780000,0x000000071f380000)
 ParOldGen       total 175104K, used 97266K [0x0000000540000000, 0x000000054ab00000, 0x00000006eab00000)
  object space 175104K, 55% used [0x0000000540000000,0x0000000545efc870,0x000000054ab00000)
 Metaspace       used 53721K, capacity 54152K, committed 54696K, reserved 1095680K
  class space    used 7948K, capacity 8087K, committed 8112K, reserved 1048576K
Event: 104.290 GC heap after
Heap after GC invocations=18 (full 2):
 PSYoungGen      total 797184K, used 4729K [0x00000006eab00000, 0x000000071ea00000, 0x00000007c0000000)
  eden space 761856K, 0% used [0x00000006eab00000,0x00000006eab00000,0x0000000719300000)
  from space 35328K, 13% used [0x000000071c780000,0x000000071cc1e528,0x000000071ea00000)
  to   space 44544K, 0% used [0x0000000719300000,0x0000000719300000,0x000000071be80000)
 ParOldGen       total 175104K, used 122783K [0x0000000540000000, 0x000000054ab00000, 0x00000006eab00000)
  object space 175104K, 70% used [0x0000000540000000,0x00000005477e7f50,0x000000054ab00000)
 Metaspace       used 53721K, capacity 54152K, committed 54696K, reserved 1095680K
  class space    used 7948K, capacity 8087K, committed 8112K, reserved 1048576K
}

Deoptimization events (10 events):
Event: 312.464 Thread 0x000001e4df28c800 Uncommon trap: reason=unstable_if action=reinterpret pc=0x000001e4ab824db0 method=org.jgraph.graph.PortView.getParentView()Lorg/jgraph/graph/CellView; @ 6
Event: 312.488 Thread 0x000001e4df28c800 Uncommon trap: reason=null_check action=make_not_entrant pc=0x000001e4aa72713c method=org.jgraph.graph.GraphConstants.getExtraLabels(Ljava/util/Map;)[Ljava/lang/Object; @ 8
Event: 312.644 Thread 0x000001e4df28c800 Uncommon trap: reason=predicate action=maybe_recompile pc=0x000001e4ab9e77e8 method=java.util.Hashtable.putAll(Ljava/util/Map;)V @ 21
Event: 312.793 Thread 0x000001e4d3847000 Uncommon trap: reason=array_check action=maybe_recompile pc=0x000001e4abbd0714 method=java.util.Arrays.swap([Ljava/lang/Object;II)V @ 13
Event: 312.793 Thread 0x000001e4d3847000 Uncommon trap: reason=array_check action=maybe_recompile pc=0x000001e4abbd0714 method=java.util.Arrays.swap([Ljava/lang/Object;II)V @ 13
Event: 312.809 Thread 0x000001e4d3847000 Uncommon trap: reason=bimorphic action=maybe_recompile pc=0x000001e4aac0da6c method=javax.swing.text.GlyphPainter1.sync(Ljavax/swing/text/GlyphView;)V @ 38
Event: 312.890 Thread 0x000001e4d3847000 Uncommon trap: reason=bimorphic action=maybe_recompile pc=0x000001e4aac0da6c method=javax.swing.text.GlyphPainter1.sync(Ljavax/swing/text/GlyphView;)V @ 38
Event: 312.891 Thread 0x000001e4d3847000 Uncommon trap: reason=bimorphic action=maybe_recompile pc=0x000001e4aac0da6c method=javax.swing.text.GlyphPainter1.sync(Ljavax/swing/text/GlyphView;)V @ 38
Event: 321.579 Thread 0x000001e4d3847000 Uncommon trap: reason=unstable_if action=reinterpret pc=0x000001e4ab4bc850 method=sun.dc.DuctusRenderingEngine.getAATileGenerator(Ljava/awt/Shape;Ljava/awt/geom/AffineTransform;Lsun/java2d/pipe/Region;Ljava/awt/BasicStroke;ZZ[I)Lsun/java2d/pipe/AATileGene
Event: 321.616 Thread 0x000001e4d3847000 Uncommon trap: reason=unstable_if action=reinterpret pc=0x000001e4aaf5aae0 method=javax.swing.JComponent.paintChildren(Ljava/awt/Graphics;)V @ 29

Classes redefined (0 events):
No events

Internal exceptions (10 events):
Event: 82.875 Thread 0x000001e4d3847000 Exception <a 'java/lang/IllegalArgumentException': object is not an instance of declaring class> (0x00000006fd5ee120) thrown at [C:\jenkins\workspace\8-2-build-windows-amd64-cygwin\jdk8u281\880\hotspot\src\share\vm\runtime\reflection.cpp, line 926]
Event: 83.733 Thread 0x000001e4d3847000 Exception <a 'java/lang/IllegalArgumentException': object is not an instance of declaring class> (0x00000006fd600000) thrown at [C:\jenkins\workspace\8-2-build-windows-amd64-cygwin\jdk8u281\880\hotspot\src\share\vm\runtime\reflection.cpp, line 926]
Event: 83.851 Thread 0x000001e4d3847000 Exception <a 'java/lang/IllegalArgumentException': object is not an instance of declaring class> (0x00000006fd604510) thrown at [C:\jenkins\workspace\8-2-build-windows-amd64-cygwin\jdk8u281\880\hotspot\src\share\vm\runtime\reflection.cpp, line 926]
Event: 95.679 Thread 0x000001e4d702f000 Implicit null exception at 0x000001e4ab3f611c to 0x000001e4ab3f6e91
Event: 101.236 Thread 0x000001e4d702f000 Implicit null exception at 0x000001e4ab97f9f9 to 0x000001e4ab9808fd
Event: 106.204 Thread 0x000001e4d3847000 Implicit null exception at 0x000001e4ab77f3cb to 0x000001e4ab782f19
Event: 106.210 Thread 0x000001e4d3847000 Implicit null exception at 0x000001e4ab77863b to 0x000001e4ab77888d
Event: 106.249 Thread 0x000001e4d3847000 Implicit null exception at 0x000001e4aaf74d4f to 0x000001e4aaf75005
Event: 312.464 Thread 0x000001e4df28c800 Implicit null exception at 0x000001e4ab43e725 to 0x000001e4ab43fbf1
Event: 312.488 Thread 0x000001e4df28c800 Implicit null exception at 0x000001e4aa726de4 to 0x000001e4aa727131

Events (10 events):
Event: 1515.001 Thread 0x000001e4d1991800 flushing nmethod 0x000001e4abb17890
Event: 1515.001 Thread 0x000001e4d1991800 flushing nmethod 0x000001e4abb19150
Event: 1515.001 Thread 0x000001e4d1991800 flushing nmethod 0x000001e4abb22f50
Event: 1515.001 Thread 0x000001e4d1991800 flushing nmethod 0x000001e4abb23e50
Event: 1515.001 Thread 0x000001e4d1991800 flushing nmethod 0x000001e4abb2a650
Event: 1515.001 Thread 0x000001e4d1991800 flushing nmethod 0x000001e4abb57250
Event: 1515.001 Thread 0x000001e4d1991800 flushing nmethod 0x000001e4abb63b10
Event: 1515.001 Thread 0x000001e4d1991800 flushing nmethod 0x000001e4abb6e710
Event: 1515.002 Thread 0x000001e4d1991800 flushing nmethod 0x000001e4abb8a050
Event: 1515.002 Thread 0x000001e4d1991800 flushing nmethod 0x000001e4abb98f90


Dynamic libraries:
0x00007ff619d10000 - 0x00007ff619d57000 	C:\Program Files\Java\jre1.8.0_281\bin\javaw.exe
0x00007ff911a00000 - 0x00007ff911c09000 	C:\WINDOWS\SYSTEM32\ntdll.dll
0x00007ff910f90000 - 0x00007ff91104e000 	C:\WINDOWS\System32\KERNEL32.DLL
0x00007ff90f110000 - 0x00007ff90f48b000 	C:\WINDOWS\System32\KERNELBASE.dll
0x00007ff90fe60000 - 0x00007ff90ff0e000 	C:\WINDOWS\System32\ADVAPI32.dll
0x00007ff90fa30000 - 0x00007ff90fad3000 	C:\WINDOWS\System32\msvcrt.dll
0x00007ff90fdc0000 - 0x00007ff90fe5e000 	C:\WINDOWS\System32\sechost.dll
0x00007ff90fca0000 - 0x00007ff90fdc0000 	C:\WINDOWS\System32\RPCRT4.dll
0x00007ff90f880000 - 0x00007ff90fa2d000 	C:\WINDOWS\System32\USER32.dll
0x00007ff90eed0000 - 0x00007ff90eef6000 	C:\WINDOWS\System32\win32u.dll
0x00007ff90fc70000 - 0x00007ff90fc99000 	C:\WINDOWS\System32\GDI32.dll
0x00007ff90f6c0000 - 0x00007ff90f7d8000 	C:\WINDOWS\System32\gdi32full.dll
0x00007ff90f7e0000 - 0x00007ff90f87d000 	C:\WINDOWS\System32\msvcp_win.dll
0x00007ff90ef00000 - 0x00007ff90f011000 	C:\WINDOWS\System32\ucrtbase.dll
0x00007ff8fd2c0000 - 0x00007ff8fd565000 	C:\WINDOWS\WinSxS\amd64_microsoft.windows.common-controls_6595b64144ccf1df_6.0.22000.120_none_9d947278b86cc467\COMCTL32.dll
0x00007ff90fae0000 - 0x00007ff90fb12000 	C:\WINDOWS\System32\IMM32.DLL
0x00007ff908a40000 - 0x00007ff908a55000 	C:\Program Files\Java\jre1.8.0_281\bin\vcruntime140.dll
0x00007ff8da8e0000 - 0x00007ff8da97b000 	C:\Program Files\Java\jre1.8.0_281\bin\msvcp140.dll
0x0000000072e60000 - 0x00000000736bf000 	C:\Program Files\Java\jre1.8.0_281\bin\server\jvm.dll
0x00007ff910ea0000 - 0x00007ff910ea8000 	C:\WINDOWS\System32\PSAPI.DLL
0x00007ff908a30000 - 0x00007ff908a39000 	C:\WINDOWS\SYSTEM32\WSOCK32.dll
0x00007ff910eb0000 - 0x00007ff910f1f000 	C:\WINDOWS\System32\WS2_32.dll
0x00007ff90c1b0000 - 0x00007ff90c1e3000 	C:\WINDOWS\SYSTEM32\WINMM.dll
0x00007ff9044e0000 - 0x00007ff9044ea000 	C:\WINDOWS\SYSTEM32\VERSION.dll
0x00007ff90e040000 - 0x00007ff90e058000 	C:\WINDOWS\SYSTEM32\kernel.appcore.dll
0x00007ff908a20000 - 0x00007ff908a30000 	C:\Program Files\Java\jre1.8.0_281\bin\verify.dll
0x00007ff8f7a10000 - 0x00007ff8f7a3b000 	C:\Program Files\Java\jre1.8.0_281\bin\java.dll
0x00007ff908a00000 - 0x00007ff908a18000 	C:\Program Files\Java\jre1.8.0_281\bin\zip.dll
0x00007ff910020000 - 0x00007ff9107d7000 	C:\WINDOWS\System32\SHELL32.dll
0x00007ff90cfd0000 - 0x00007ff90d835000 	C:\WINDOWS\SYSTEM32\windows.storage.dll
0x00007ff911340000 - 0x00007ff9116b8000 	C:\WINDOWS\System32\combase.dll
0x00007ff90ce60000 - 0x00007ff90cfc6000 	C:\WINDOWS\SYSTEM32\wintypes.dll
0x00007ff90fb20000 - 0x00007ff90fc0a000 	C:\WINDOWS\System32\SHCORE.dll
0x00007ff9108d0000 - 0x00007ff91092d000 	C:\WINDOWS\System32\shlwapi.dll
0x00007ff90ee00000 - 0x00007ff90ee21000 	C:\WINDOWS\SYSTEM32\profapi.dll
0x00007ff8f7470000 - 0x00007ff8f748c000 	C:\Program Files\Java\jre1.8.0_281\bin\net.dll
0x00007ff90e4e0000 - 0x00007ff90e547000 	C:\WINDOWS\system32\mswsock.dll
0x00007ff90dba0000 - 0x00007ff90dc88000 	C:\WINDOWS\SYSTEM32\DNSAPI.dll
0x00007ff90db70000 - 0x00007ff90db9d000 	C:\WINDOWS\SYSTEM32\IPHLPAPI.DLL
0x00007ff90ff10000 - 0x00007ff90ff19000 	C:\WINDOWS\System32\NSI.dll
0x00007ff8ff2f0000 - 0x00007ff8ff2fa000 	C:\Windows\System32\rasadhlp.dll
0x00007ff8ff4c0000 - 0x00007ff8ff541000 	C:\WINDOWS\System32\fwpuclnt.dll
0x00007ff8f6470000 - 0x00007ff8f6605000 	C:\Program Files\Java\jre1.8.0_281\bin\awt.dll
0x00007ff90ff20000 - 0x00007ff90fff6000 	C:\WINDOWS\System32\OLEAUT32.dll
0x00007ff909c30000 - 0x00007ff909cc2000 	C:\WINDOWS\SYSTEM32\apphelp.dll
0x00007ff90e720000 - 0x00007ff90e738000 	C:\WINDOWS\SYSTEM32\CRYPTSP.dll
0x00007ff90dfa0000 - 0x00007ff90dfd5000 	C:\WINDOWS\system32\rsaenh.dll
0x00007ff90e5d0000 - 0x00007ff90e5f9000 	C:\WINDOWS\SYSTEM32\USERENV.dll
0x00007ff90e8b0000 - 0x00007ff90e8d7000 	C:\WINDOWS\SYSTEM32\bcrypt.dll
0x00007ff90f020000 - 0x00007ff90f09f000 	C:\WINDOWS\System32\bcryptprimitives.dll
0x00007ff90e740000 - 0x00007ff90e74c000 	C:\WINDOWS\SYSTEM32\CRYPTBASE.dll
0x00007ff9054b0000 - 0x00007ff9054c9000 	C:\WINDOWS\SYSTEM32\dhcpcsvc6.DLL
0x00007ff905da0000 - 0x00007ff905dbe000 	C:\WINDOWS\SYSTEM32\dhcpcsvc.DLL
0x00007ff8f7450000 - 0x00007ff8f7463000 	C:\Program Files\Java\jre1.8.0_281\bin\nio.dll
0x00007ff909d70000 - 0x00007ff909e1c000 	C:\WINDOWS\system32\uxtheme.dll
0x00007ff89b620000 - 0x00007ff89b759000 	C:\ProgramData\A-Volute\A-Volute.Nahimic\Modules\Scheduled\x64\AudioDevProps2.dll
0x00007ff9116c0000 - 0x00007ff91185a000 	C:\WINDOWS\System32\ole32.dll
0x00007ff911060000 - 0x00007ff91117d000 	C:\WINDOWS\System32\MSCTF.dll
0x00007ff90c750000 - 0x00007ff90c77f000 	C:\WINDOWS\system32\DWMAPI.DLL
0x00007ff8f4910000 - 0x00007ff8f4942000 	C:\Program Files\Java\jre1.8.0_281\bin\jpeg.dll
0x00007ff8d6920000 - 0x00007ff8d6a21000 	C:\WINDOWS\system32\opengl32.dll
0x00007ff8f91d0000 - 0x00007ff8f91fd000 	C:\WINDOWS\SYSTEM32\GLU32.dll
0x00007ff90c4d0000 - 0x00007ff90c508000 	C:\WINDOWS\SYSTEM32\dxcore.dll
0x00007ff8f28b0000 - 0x00007ff8f28da000 	C:\Program Files\Java\jre1.8.0_281\bin\dcpr.dll
0x00007ff8bbbe0000 - 0x00007ff8bbc29000 	C:\Program Files\Java\jre1.8.0_281\bin\fontmanager.dll
0x00007ff8a5180000 - 0x00007ff8a51c3000 	C:\Program Files\Java\jre1.8.0_281\bin\t2k.dll
0x00007ff8d3580000 - 0x00007ff8d35bf000 	C:\Program Files\Java\jre1.8.0_281\bin\lcms.dll
0x00007ff8f03b0000 - 0x00007ff8f04dd000 	C:\WINDOWS\SYSTEM32\textinputframework.dll
0x00007ff8fd130000 - 0x00007ff8fd199000 	C:\WINDOWS\system32\Oleacc.dll
0x00007ff905af0000 - 0x00007ff905c9e000 	C:\WINDOWS\SYSTEM32\WindowsCodecs.dll
0x00007ff8ed850000 - 0x00007ff8ed8ad000 	C:\WINDOWS\system32\dataexchange.dll
0x00007ff905590000 - 0x00007ff9057f6000 	C:\WINDOWS\system32\twinapi.appcore.dll
0x00007ff909930000 - 0x00007ff909a61000 	C:\WINDOWS\SYSTEM32\CoreMessaging.dll
0x00007ff906a00000 - 0x00007ff906d6d000 	C:\WINDOWS\SYSTEM32\CoreUIComponents.dll
0x00007ff8fc8c0000 - 0x00007ff8fc972000 	C:\WINDOWS\WinSxS\amd64_microsoft.windows.common-controls_6595b64144ccf1df_5.82.22000.1_none_271a8fad6a2d1b1e\comctl32.dll
0x00007ff90ebd0000 - 0x00007ff90ec1c000 	C:\WINDOWS\SYSTEM32\CFGMGR32.dll
0x00007ff90cbe0000 - 0x00007ff90ccd7000 	C:\WINDOWS\system32\propsys.dll
0x00007ff8f6210000 - 0x00007ff8f6228000 	C:\WINDOWS\system32\NetworkExplorer.dll
0x00007ff8d9310000 - 0x00007ff8da157000 	E:\wps\WPS Office\11.1.0.12763\office6\qingnse64.dll
0x00007ff8fd5a0000 - 0x00007ff8fd753000 	C:\WINDOWS\WinSxS\amd64_microsoft.windows.gdiplus_6595b64144ccf1df_1.1.22000.1219_none_4c503a2dc5749311\gdiplus.dll
0x00007ff90e060000 - 0x00007ff90e094000 	C:\WINDOWS\SYSTEM32\ntmarta.dll
0x00007ff8e1b20000 - 0x00007ff8e1b86000 	C:\Windows\System32\thumbcache.dll
0x00007ff8f7560000 - 0x00007ff8f769a000 	C:\Windows\System32\Windows.System.Launcher.dll
0x00007ff908c60000 - 0x00007ff908cf2000 	C:\Windows\System32\msvcp110_win.dll
0x00007ff9044b0000 - 0x00007ff9044cb000 	C:\WINDOWS\SYSTEM32\windows.staterepositorycore.dll
0x00007ff8fc720000 - 0x00007ff8fc73d000 	C:\WINDOWS\SYSTEM32\MPR.dll
0x00007ff8f8be0000 - 0x00007ff8f8c0c000 	C:\WINDOWS\System32\p9np.dll
0x00007ff9089e0000 - 0x00007ff9089ec000 	C:\WINDOWS\System32\drprov.dll
0x00007ff908050000 - 0x00007ff908070000 	C:\WINDOWS\System32\ntlanman.dll
0x00007ff8f9cd0000 - 0x00007ff8f9cee000 	C:\WINDOWS\System32\davclnt.dll
0x00007ff90daf0000 - 0x00007ff90db54000 	C:\WINDOWS\System32\WINSTA.dll
0x00007ff9042d0000 - 0x00007ff9042ea000 	C:\WINDOWS\System32\wkscli.dll
0x00007ff8dab40000 - 0x00007ff8dab52000 	C:\WINDOWS\SYSTEM32\cscapi.dll
0x00007ff90db60000 - 0x00007ff90db6c000 	C:\WINDOWS\System32\netutils.dll
0x00007ff8eddb0000 - 0x00007ff8ede07000 	C:\Windows\System32\dlnashext.dll
0x00007ff891d80000 - 0x00007ff891dee000 	C:\Windows\System32\PlayToDevice.dll
0x00007ff90a4e0000 - 0x00007ff90a501000 	C:\Windows\System32\DevDispItemProvider.dll
0x00007ff8fc770000 - 0x00007ff8fc80b000 	C:\WINDOWS\System32\MMDevApi.dll
0x00007ff90eba0000 - 0x00007ff90ebcc000 	C:\WINDOWS\System32\DEVOBJ.dll
0x00007ff8f99f0000 - 0x00007ff8f9bc3000 	C:\WINDOWS\SYSTEM32\AudioSes.dll
0x00007ff89ecd0000 - 0x00007ff89ed37000 	C:\ProgramData\A-Volute\A-Volute.Nahimic\Modules\Scheduled\x64\ProductInfo.dll
0x00007ff88ff50000 - 0x00007ff88ff93000 	C:\ProgramData\A-Volute\A-Volute.Nahimic\Modules\Scheduled\x64\ASM.Plugin.AudioDevProps2.dll
0x00007ff891cd0000 - 0x00007ff891d72000 	C:\WINDOWS\system32\wpdshext.dll
0x00007ff90c580000 - 0x00007ff90c61e000 	C:\Windows\System32\PortableDeviceApi.dll
0x00007ff9109a0000 - 0x00007ff910e0c000 	C:\WINDOWS\System32\SETUPAPI.dll
0x00007ff90f0a0000 - 0x00007ff90f108000 	C:\WINDOWS\System32\WINTRUST.dll
0x00007ff90f550000 - 0x00007ff90f6b2000 	C:\WINDOWS\System32\CRYPT32.dll
0x00007ff90e780000 - 0x00007ff90e792000 	C:\WINDOWS\SYSTEM32\MSASN1.dll
0x00007ff8d7a80000 - 0x00007ff8d7ab7000 	C:\Windows\System32\EhStorShell.dll
0x00007ff8df130000 - 0x00007ff8df155000 	C:\Windows\System32\EhStorAPI.dll
0x00007ff908070000 - 0x00007ff908084000 	C:\Windows\System32\WTSAPI32.dll
0x00007ff8d8b30000 - 0x00007ff8d8b3d000 	C:\WINDOWS\SYSTEM32\LINKINFO.dll
0x00007ff8db240000 - 0x00007ff8db257000 	C:\WINDOWS\system32\napinsp.dll
0x00007ff8db200000 - 0x00007ff8db21b000 	C:\WINDOWS\system32\pnrpnsp.dll
0x00007ff8db1e0000 - 0x00007ff8db1f2000 	C:\WINDOWS\System32\winrnr.dll
0x00007ff904270000 - 0x00007ff904285000 	C:\WINDOWS\system32\wshbth.dll
0x00007ff8db1c0000 - 0x00007ff8db1df000 	C:\WINDOWS\system32\nlansp_c.dll
0x00007ff9089c0000 - 0x00007ff9089cd000 	C:\Program Files\Java\jre1.8.0_281\bin\management.dll
0x00007ff8f6190000 - 0x00007ff8f61b4000 	C:\Program Files\Java\jre1.8.0_281\bin\sunec.dll
0x00007ff8f9d40000 - 0x00007ff8f9d4d000 	C:\Program Files\Java\jre1.8.0_281\bin\sunmscapi.dll
0x00007ff90e880000 - 0x00007ff90e8a8000 	C:\WINDOWS\SYSTEM32\ncrypt.dll
0x00007ff90e840000 - 0x00007ff90e877000 	C:\WINDOWS\SYSTEM32\NTASN1.dll
0x00007ff907410000 - 0x00007ff9074be000 	C:\WINDOWS\SYSTEM32\TextShaping.dll

VM Arguments:
jvm_args: -ea -Xmx10G -XX:MaxPermSize=10G -Djava.library.path=.//lib -Djava.util.Arrays.useLegacyMergeSort=true -Dfile.encoding=GBK 
java_command: org.processmining.contexts.uitopia.UI
java_class_path (initial): E:\Users\cannyking\eclipse-workspace\DecomposedMiner\tests\bin-test;E:\Users\cannyking\eclipse-workspace\DecomposedMiner\bin;C:\Users\cannyking\.ivy2\cache\prom\ProM-Plugins\jars\ProM-Plugins-latest.jar;C:\Users\cannyking\.ivy2\cache\prom\ProM-Contexts\jars\ProM-Contexts-latest.jar;C:\Users\cannyking\.ivy2\cache\prom-libs\guava\jars\guava-16.0.1.jar;C:\Users\cannyking\.ivy2\cache\junit\junit\jars\junit-4.12.jar;C:\Users\cannyking\.ivy2\cache\prom-libs\bsh\jars\bsh-2.0b4.jar;C:\Users\cannyking\.ivy2\cache\prom-libs\Spex\jars\Spex-1.1.jar;C:\Users\cannyking\.ivy2\cache\prom-libs\Uitopia\jars\Uitopia-0.6-20190913.jar;C:\Users\cannyking\.ivy2\cache\prom-libs\UITopiaResources\jars\UITopiaResources-0.6-20190913.jar;C:\Users\cannyking\.ivy2\cache\prom\ProM-Framework\jars\ProM-Framework-latest.jar;C:\Users\cannyking\.ivy2\cache\org.apache.commons\commons-compress\jars\commons-compress-1.13.jar;C:\Users\cannyking\.ivy2\cache\prom-libs\jgraph\jars\jgraph-5.13.0.4.jar;C:\Users\cannyking\.ivy2\cache\com.brsanthu\google-analytics-java\jars\google-analytics-java-1.1.2.jar;C:\Users\cannyking\.ivy2\cache\org.apache.httpcomponents\httpclient\jars\httpclient-4.5.3.jar;C:\Users\cannyking\.ivy2\cache\org.apache.httpcomponents\httpcore\jars\httpcore-4.4.6.jar;C:\Users\cannyking\.ivy2\cache\org.apache.logging.log4j\log4j-api\jars\log4j-api-2.16.0.jar;C:\Users\cannyking\.ivy2\cache\org.apache.logging.log4j\log4j-core\jars\log4j-core-2.16.0.jar;C:\Users\cannyking\.ivy2\cache\org.apache.logging.log4j\log4j-slf4j-impl\jars\log4j-slf4j-impl-2.16.0.jar;C:\Users\cannyking\.ivy2\cache\prom-libs\jargs\jars\jargs-latest.jar;C:\Users\cannyking\.ivy2\cache\tablelayout\TableLayout\jars\TableLayout-20050920.jar;C:\Users\cannyking\.ivy2\cache\org.slf4j\slf4j-api\jars\slf4j-api-1.7.25.jar;C:\Users\cannyking\.ivy2\cache\prom-libs\slickerbox\jars\slickerbox-1.0rc1.jar;C:\Users\cannyking\.ivy2\cache\prom\ProM-Models\jars\ProM-Models-latest.jar;C:\Users\cannyking\.ivy2\cache\pro
Launcher Type: SUN_STANDARD

Environment Variables:
JAVA_HOME=E:\Program Files\Java\jdk1.7.0_80
CLASSPATH= .;E:\Program Files\Java\jdk1.7.0_80\lib;E:\Program Files\Java\jdk1.7.0_80\lib\tools.jar
PATH=C:\Program Files (x86)\Common Files\Oracle\Java\javapath;C:\WINDOWS\system32;C:\WINDOWS;C:\WINDOWS\System32\Wbem;C:\WINDOWS\System32\WindowsPowerShell\v1.0\;E:\Program Files\Java\jdk1.7.0_80\bin;"E:\Program Files\Java\jdk1.7.0_80\bin;E:\Program Files\Java\jdk1.7.0_80\jre\bin;";;C:\WINDOWS\System32\OpenSSH\;C:\Program Files\Graphviz\bin;C:\Users\cannyking\AppData\Local\Microsoft\WindowsApps;D:\压缩解压\;;E:\python\PyCharm 2021.3.3\bin;
USERNAME=cannyking
OS=Windows_NT
PROCESSOR_IDENTIFIER=Intel64 Family 6 Model 142 Stepping 12, GenuineIntel



---------------  S Y S T E M  ---------------

OS: Windows 10.0 , 64 bit Build 22000 (10.0.22000.1335)

CPU:total 3 (initial active 3) (4 cores per cpu, 2 threads per core) family 6 model 142 stepping 12, cmov, cx8, fxsr, mmx, sse, sse2, sse3, ssse3, sse4.1, sse4.2, popcnt, avx, avx2, aes, clmul, erms, 3dnowpref, lzcnt, ht, tsc, tscinvbit, bmi1, bmi2, adx

Memory: 4k page, physical 16601588k(321476k free), swap 38699632k(0k free)

vm_info: Java HotSpot(TM) 64-Bit Server VM (25.281-b09) for windows-amd64 JRE (1.8.0_281-b09), built on Dec  9 2020 13:54:07 by "" with MS VC++ 15.9 (VS2017)

time: Fri Jan 13 15:02:13 2023
timezone: 中国标准时间
elapsed time: 2700.077854 seconds (0d 0h 45m 0s)

