JvmtiExport can_access_local_variables 0
JvmtiExport can_hotswap_or_post_breakpoint 0
JvmtiExport can_post_on_exceptions 0
# 273 ciObject found
instanceKlass java/awt/geom/QuadCurve2D
instanceKlass org/processmining/models/util/ListSelectionPanel$1
instanceKlass org/processmining/models/util/ViewListCellRenderer
instanceKlass sun/awt/EventQueueDelegate$Delegate
instanceKlass org/processmining/plugins/petrinet/importing/tpn/Token
instanceKlass org/processmining/plugins/petrinet/importing/tpn/TpnParserTokenManager
instanceKlass org/processmining/plugins/petrinet/importing/tpn/SimpleCharStream
instanceKlass org/processmining/plugins/petrinet/importing/tpn/TpnParser
instanceKlass org/processmining/plugins/petrinet/importing/tpn/TpnParserConstants
instanceKlass sun/awt/datatransfer/TransferableProxy
instanceKlass java/awt/dnd/DropTargetContext$TransferableProxy
instanceKlass java/awt/dnd/Autoscroll
instanceKlass java/rmi/MarshalledObject
instanceKlass java/rmi/Remote
instanceKlass sun/awt/datatransfer/DataTransferer$RMI
instanceKlass sun/awt/datatransfer/DataTransferer$IndexedComparator
instanceKlass sun/awt/datatransfer/DataTransferer$StandardEncodingsHolder
instanceKlass java/awt/datatransfer/SystemFlavorMap$2
instanceKlass java/awt/datatransfer/SystemFlavorMap$1
instanceKlass java/awt/Container$DropTargetEventTargetFilter
instanceKlass sun/awt/windows/WDropTargetContextPeer$1
instanceKlass sun/awt/Mutex
instanceKlass sun/awt/datatransfer/ToolkitThreadBlockedHandler
instanceKlass java/awt/datatransfer/MimeType
instanceKlass java/awt/datatransfer/MimeTypeParameterList
instanceKlass java/awt/datatransfer/DataFlavor
instanceKlass sun/awt/datatransfer/DataTransferer
instanceKlass sun/awt/dnd/SunDropTargetContextPeer$EventDispatcher
instanceKlass sun/awt/dnd/SunDropTargetContextPeer
instanceKlass java/awt/dnd/peer/DropTargetContextPeer
instanceKlass javax/swing/text/DefaultHighlighter$HighlightInfo
instanceKlass org/jgraph/plaf/basic/BasicGraphUI$MouseInputHandler
instanceKlass org/jgraph/graph/VertexView$SizeHandle
instanceKlass org/jgraph/graph/EdgeView$EdgeHandle
instanceKlass org/jgraph/plaf/basic/BasicGraphUI$RootHandle
instanceKlass org/jgraph/graph/GraphContext
instanceKlass org/jgraph/graph/DefaultGraphSelectionModel$CellPlaceHolder
instanceKlass java/security/DomainCombiner
instanceKlass sun/awt/windows/WComponentPeer$1
instanceKlass sun/font/AttributeValues$1
instanceKlass java/awt/geom/AreaIterator
instanceKlass sun/awt/geom/Edge
instanceKlass sun/awt/geom/ChainEnd
instanceKlass sun/awt/geom/CurveLink
instanceKlass sun/awt/geom/AreaOp$1
instanceKlass sun/awt/geom/AreaOp
instanceKlass sun/awt/geom/Curve
instanceKlass java/awt/geom/Area
instanceKlass org/deckfour/uitopia/ui/views/ViewsView$2
instanceKlass org/deckfour/uitopia/ui/views/ViewDetail$7
instanceKlass org/deckfour/uitopia/ui/views/ViewDetail$6
instanceKlass org/deckfour/uitopia/ui/views/ViewDetail$5
instanceKlass org/deckfour/uitopia/ui/views/ViewDetail$4
instanceKlass org/deckfour/uitopia/ui/views/ViewDetail$3
instanceKlass org/deckfour/uitopia/ui/views/ViewDetail$2
instanceKlass org/deckfour/uitopia/ui/views/ViewDetail$1
instanceKlass org/deckfour/uitopia/ui/views/ViewItem$2
instanceKlass org/deckfour/uitopia/ui/views/ViewItem$1
instanceKlass org/processmining/framework/plugin/PluginParameterBinding$1
instanceKlass org/processmining/contexts/uitopia/model/ProMView$ProMViewRunnable
instanceKlass org/processmining/framework/util/ui/scalableview/interaction/ExportInteractionPanel$1
instanceKlass org/processmining/framework/util/ui/scalableview/interaction/ZoomInteractionPanel$2
instanceKlass org/processmining/framework/util/ui/scalableview/interaction/ZoomInteractionPanel$1
instanceKlass com/fluxicon/slickerbox/components/SlickerButton$4
instanceKlass com/fluxicon/slickerbox/components/SlickerButton$3
instanceKlass com/fluxicon/slickerbox/components/SlickerButton$2
instanceKlass com/fluxicon/slickerbox/components/SlickerButton$1
instanceKlass com/fluxicon/slickerbox/util/RuntimeUtils
instanceKlass org/processmining/models/jgraph/visualization/ProMJGraphPanel$1
instanceKlass java/text/BreakIterator$BreakIteratorCache
instanceKlass sun/text/SupplementaryCharacterData
instanceKlass sun/text/CompactByteArray
instanceKlass sun/util/locale/provider/RuleBasedBreakIterator$1
instanceKlass org/processmining/framework/util/ui/scalableview/ScalableViewPanel$2
instanceKlass org/processmining/framework/util/ui/scalableview/ScalableViewPanel$1
instanceKlass org/jgraph/util/Spline
instanceKlass org/jgraph/util/Spline2D
instanceKlass com/jgraph/layout/hierarchical/JGraphCoordinateAssignment$WeightedCellSorter
instanceKlass com/jgraph/layout/hierarchical/JGraphCoordinateAssignment
instanceKlass com/jgraph/layout/hierarchical/JGraphMedianHybridCrossingReduction$MedianCellSorter
instanceKlass com/jgraph/layout/hierarchical/JGraphMedianHybridCrossingReduction
instanceKlass com/jgraph/layout/hierarchical/model/JGraphHierarchyModel$1
instanceKlass com/jgraph/layout/hierarchical/JGraphLongestPathLayering
instanceKlass com/jgraph/layout/hierarchical/JGraphMinimumCycleRemover$2
instanceKlass com/jgraph/layout/hierarchical/JGraphMinimumCycleRemover$1
instanceKlass com/jgraph/layout/hierarchical/JGraphMinimumCycleRemover
instanceKlass com/jgraph/layout/hierarchical/model/JGraphAbstractHierarchyCell
instanceKlass com/jgraph/layout/JGraphFacade$CellVisitor
instanceKlass com/jgraph/layout/hierarchical/model/JGraphHierarchyModel
instanceKlass com/jgraph/layout/JGraphFacade$DefaultComparator
instanceKlass com/jgraph/algebra/JGraphAlgebra
instanceKlass com/jgraph/algebra/cost/JGraphDistanceCostFunction
instanceKlass com/jgraph/algebra/cost/JGraphCostFunction
instanceKlass com/jgraph/layout/JGraphFacade
instanceKlass com/jgraph/layout/JGraphLayoutProgress
instanceKlass com/jgraph/layout/hierarchical/JGraphHierarchicalLayoutStep
instanceKlass com/jgraph/layout/hierarchical/JGraphHierarchicalLayout
instanceKlass com/jgraph/layout/JGraphLayout$Stoppable
instanceKlass org/jgraph/JGraph$GraphSelectionRedirector
instanceKlass java/awt/Polygon$PolygonPathIterator
instanceKlass javax/swing/DefaultCellEditor$EditorDelegate
instanceKlass javax/swing/plaf/BorderUIResource
instanceKlass org/jgraph/graph/DefaultGraphCellEditor
instanceKlass org/jgraph/graph/CellViewRenderer
instanceKlass org/jgraph/graph/GraphCellEditor
instanceKlass org/jgraph/util/RectUtils
instanceKlass org/jgraph/graph/ConnectionSet$Connection
instanceKlass org/jgraph/graph/ParentMap$Entry
instanceKlass org/jgraph/graph/ParentMap
instanceKlass org/jgraph/graph/ConnectionSet
instanceKlass org/processmining/models/graphbased/directed/DirectedGraphEdge$MultipleTargets
instanceKlass org/processmining/models/graphbased/directed/DirectedGraphEdge$MultipleSources
instanceKlass org/jgraph/graph/DefaultEdge$LoopRouting
instanceKlass org/jgraph/graph/Edge$Routing
instanceKlass org/jgraph/graph/GraphConstants
instanceKlass org/jgraph/plaf/basic/BasicGraphUI$GraphSelectionHandler
instanceKlass org/jgraph/plaf/basic/BasicGraphUI$GraphModelHandler
instanceKlass org/jgraph/plaf/basic/BasicGraphUI$PropertyChangeHandler
instanceKlass org/jgraph/plaf/basic/BasicGraphDropTargetListener
instanceKlass org/jgraph/plaf/basic/BasicGraphUI$GraphLayoutCacheHandler
instanceKlass java/awt/datatransfer/Transferable
instanceKlass org/jgraph/plaf/basic/BasicGraphUI$CellEditorHandler
instanceKlass org/jgraph/graph/CellHandle
instanceKlass org/jgraph/graph/DefaultGraphSelectionModel
instanceKlass org/jgraph/graph/Port
instanceKlass org/jgraph/graph/Edge
instanceKlass org/processmining/models/jgraph/elements/ProMGraphElement
instanceKlass java/io/ObjectOutput
instanceKlass org/jgraph/graph/BasicMarqueeHandler
instanceKlass org/jgraph/graph/GraphLayoutCache$1
instanceKlass org/jgraph/graph/AbstractCellView
instanceKlass org/jgraph/graph/CellView
instanceKlass org/jgraph/graph/DefaultCellViewFactory
instanceKlass org/jgraph/graph/GraphLayoutCache
instanceKlass org/jgraph/graph/CellMapper
instanceKlass org/jgraph/graph/CellViewFactory
instanceKlass org/jgraph/graph/GraphSelectionModel
instanceKlass org/jgraph/graph/DefaultGraphModel$EmptyIterator
instanceKlass org/jgraph/event/GraphModelEvent$GraphModelChange
instanceKlass org/jgraph/event/GraphLayoutCacheEvent$GraphLayoutCacheChange
instanceKlass org/processmining/models/jgraph/ModelOwner
instanceKlass org/processmining/models/jgraph/ProMJGraphVisualizer
instanceKlass javax/swing/SwingWorker$7
instanceKlass javax/swing/SwingWorker$6
instanceKlass org/processmining/contexts/uitopia/model/ProMView$1
instanceKlass org/processmining/contexts/uitopia/model/ProMView$ProMCancellerImpl
instanceKlass org/processmining/contexts/uitopia/model/ProMView
instanceKlass gnu/trove/map/hash/THashMap$1
instanceKlass com/google/common/collect/Platform
instanceKlass com/google/common/collect/Hashing
instanceKlass com/google/common/collect/ObjectArrays
instanceKlass com/google/common/collect/CollectPreconditions
instanceKlass com/google/common/collect/ImmutableCollection$Builder
instanceKlass org/processmining/plugins/InductiveMiner/mining/cuts/IM/CutFinderIMConcurrentWithMinimumSelfDistance$1
instanceKlass org/processmining/plugins/InductiveMiner/dfgOnly/DfgImpl$2$1
instanceKlass org/processmining/plugins/InductiveMiner/dfgOnly/DfgImpl$2
instanceKlass org/processmining/plugins/InductiveMiner/dfgOnly/DfgImpl$1$1
instanceKlass org/processmining/plugins/InductiveMiner/dfgOnly/DfgImpl$1
instanceKlass org/processmining/plugins/petrinet/reduction/MurataRule
instanceKlass org/processmining/framework/util/collection/MultiSetIterator
instanceKlass org/processmining/plugins/petrinet/reduction/MurataUtils
instanceKlass org/processmining/contexts/uitopia/model/ProMTask$1
instanceKlass org/processmining/models/graphbased/directed/petrinet/impl/PetrinetFactory
instanceKlass org/processmining/acceptingpetrinet/utils/PetriNetUtils
instanceKlass org/processmining/plugins/InductiveMiner/reduceacceptingpetrinet/MurataFPPkeepLanguage
instanceKlass org/processmining/plugins/InductiveMiner/reduceacceptingpetrinet/MurataFPTkeepLanguage
instanceKlass org/processmining/plugins/InductiveMiner/reduceacceptingpetrinet/MurataFST2keepLanguage
instanceKlass org/processmining/plugins/InductiveMiner/reduceacceptingpetrinet/MurataFST1keepLanguage
instanceKlass org/processmining/plugins/InductiveMiner/reduceacceptingpetrinet/MurataESTkeepLanguage
instanceKlass org/processmining/plugins/InductiveMiner/reduceacceptingpetrinet/MurataFSP1keepLanguage
instanceKlass org/processmining/plugins/InductiveMiner/reduceacceptingpetrinet/MurataFSP2keepLanguage
instanceKlass org/processmining/plugins/InductiveMiner/reduceacceptingpetrinet/InterchangeablePlaces
instanceKlass org/processmining/plugins/InductiveMiner/reduceacceptingpetrinet/ReduceAcceptingPetriNetKeepLanguage
instanceKlass org/processmining/models/shapes/AbstractShape
instanceKlass org/processmining/models/graphbased/directed/utils/GraphIterator$EdgeAcceptor
instanceKlass org/processmining/models/graphbased/directed/utils/GraphIterator$NodeAcceptor
instanceKlass org/processmining/processtree/conversion/ProcessTree2Petrinet$UnfoldedNode
instanceKlass org/processmining/models/shapes/Ellipse
instanceKlass org/processmining/models/shapes/Shape
instanceKlass org/processmining/plugins/InductiveMiner/efficienttree/EfficientTree2processTree
instanceKlass org/processmining/plugins/InductiveMiner/efficienttree/EfficientTreeUtils
instanceKlass org/processmining/plugins/InductiveMiner/efficienttree/EfficientTreeImpl$1$1
instanceKlass org/processmining/plugins/InductiveMiner/efficienttree/EfficientTreeImpl$1
instanceKlass org/processmining/plugins/InductiveMiner/efficienttree/EfficientTreeMetrics
instanceKlass org/processmining/plugins/InductiveMiner/efficienttree/EfficientTreeReduce
instanceKlass org/processmining/plugins/InductiveMiner/efficienttree/EfficientTreeFactory
instanceKlass org/processmining/plugins/InductiveMiner/Triple
instanceKlass org/processmining/processtree/Task$Automatic
instanceKlass org/processmining/plugins/InductiveMiner/efficienttree/ProcessTree2EfficientTree
instanceKlass org/processmining/processtree/impl/EdgeImpl$1
instanceKlass org/processmining/processtree/Task$Manual
instanceKlass org/processmining/plugins/properties/processmodel/ManualTask
instanceKlass org/processmining/plugins/InductiveMiner/mining/Miner$1
instanceKlass org/processmining/plugins/InductiveMiner/MultiSet$1
instanceKlass org/processmining/plugins/InductiveMiner/mining/logSplitter/LogSplitter$LogSplitResult
instanceKlass gnu/trove/map/hash/THashMap$Entry
instanceKlass gnu/trove/list/array/TIntArrayList$TIntArrayIterator
instanceKlass org/processmining/plugins/InductiveMiner/mining/logSplitter/LogSplitterCombination$1
instanceKlass gnu/trove/set/hash/THashSet$1
instanceKlass org/processmining/plugins/InductiveMiner/mining/cuts/IM/CutFinderIMSequenceStrict
instanceKlass org/processmining/plugins/InductiveMiner/mining/cuts/IM/CutFinderIMSequence$1
instanceKlass org/processmining/plugins/InductiveMiner/ArrayUtilities
instanceKlass org/processmining/plugins/InductiveMiner/Sets
instanceKlass gnu/trove/impl/hash/THashPrimitiveIterator
instanceKlass gnu/trove/iterator/TPrimitiveIterator
instanceKlass gnu/trove/map/hash/TIntObjectHashMap$1
instanceKlass gnu/trove/procedure/TIntObjectProcedure
instanceKlass gnu/trove/iterator/TIntObjectIterator
instanceKlass org/processmining/plugins/InductiveMiner/mining/cuts/IM/CutFinderIMSequenceReachability
instanceKlass gnu/trove/impl/hash/THashIterator
instanceKlass gnu/trove/set/hash/THashSet$HashProcedure
instanceKlass gnu/trove/stack/array/TIntArrayStack
instanceKlass gnu/trove/stack/TIntStack
instanceKlass org/processmining/plugins/InductiveMiner/graphs/StronglyConnectedComponents
instanceKlass org/processmining/plugins/InductiveMiner/mining/cuts/Cut
instanceKlass org/processmining/plugins/InductiveMiner/graphs/Components$1
instanceKlass gnu/trove/procedure/TObjectProcedure
instanceKlass gnu/trove/procedure/TIntIntProcedure
instanceKlass gnu/trove/iterator/TIntIntIterator
instanceKlass org/processmining/plugins/InductiveMiner/graphs/EdgeIterable$1
instanceKlass org/processmining/plugins/InductiveMiner/graphs/EdgeIterable
instanceKlass org/processmining/plugins/InductiveMiner/graphs/Components
instanceKlass org/processmining/plugins/InductiveMiner/graphs/ConnectedComponents2
instanceKlass gnu/trove/map/hash/TObjectLongHashMap$2
instanceKlass org/processmining/plugins/InductiveMiner/mining/IMLogInfo
instanceKlass org/processmining/plugins/InductiveMiner/mining/logs/IMTrace$IMEventIterator
instanceKlass org/processmining/plugins/InductiveMiner/mining/logs/IMTrace
instanceKlass org/processmining/plugins/InductiveMiner/mining/logs/IMLogImpl$1
instanceKlass gnu/trove/procedure/TObjectObjectProcedure
instanceKlass gnu/trove/map/TMap
instanceKlass gnu/trove/procedure/TIntLongProcedure
instanceKlass gnu/trove/iterator/TIntLongIterator
instanceKlass org/processmining/plugins/InductiveMiner/IntegerMultiSet
instanceKlass gnu/trove/iterator/TLongIterator
instanceKlass gnu/trove/list/array/TLongArrayList
instanceKlass gnu/trove/list/TLongList
instanceKlass org/processmining/plugins/InductiveMiner/graphs/GraphImplLinearEdge
instanceKlass org/processmining/plugins/InductiveMiner/graphs/Graph
instanceKlass org/processmining/plugins/InductiveMiner/graphs/GraphFactory
instanceKlass gnu/trove/map/TIntLongMap
instanceKlass org/processmining/plugins/inductiveminer2/helperclasses/normalised/NormalisedIntGraph
instanceKlass org/processmining/plugins/InductiveMiner/dfgOnly/DfgImpl
instanceKlass org/processmining/plugins/InductiveMiner/mining/MinerState$2
instanceKlass org/processmining/plugins/InductiveMiner/mining/MinerState$1
instanceKlass gnu/trove/map/hash/TObjectLongHashMap$1
instanceKlass gnu/trove/procedure/TObjectLongProcedure
instanceKlass gnu/trove/iterator/TObjectLongIterator
instanceKlass gnu/trove/TLongCollection
instanceKlass gnu/trove/map/TObjectLongMap
instanceKlass org/processmining/plugins/InductiveMiner/MultiSet
instanceKlass org/processmining/plugins/InductiveMiner/mining/MinerState
instanceKlass gnu/trove/impl/Constants
instanceKlass gnu/trove/map/hash/TObjectIntHashMap$1
instanceKlass gnu/trove/impl/PrimeFinder
instanceKlass gnu/trove/impl/HashFunctions
instanceKlass gnu/trove/procedure/TObjectIntProcedure
instanceKlass gnu/trove/iterator/TObjectIntIterator
ins